📄 Parsing PDF...
Warning: Indexing all PDF objects
Warning: Invalid stream: "FormatError: Bad FCHECK in flate stream: 120, 239"
Warning: Invalid stream: "FormatError: Bad FCHECK in flate stream: 120, 239"
Warning: Invalid stream: "FormatError: Bad FCHECK in flate stream: 120, 239"
Warning: Invalid stream: "FormatError: Bad FCHECK in flate stream: 120, 239"
Warning: Invalid stream: "FormatError: Bad FCHECK in flate stream: 120, 239"
Warning: Invalid stream: "FormatError: Bad FCHECK in flate stream: 120, 239"
Warning: Invalid stream: "FormatError: Bad FCHECK in flate stream: 120, 239"
Warning: Invalid stream: "FormatError: Bad FCHECK in flate stream: 120, 239"
Warning: Invalid stream: "FormatError: Bad FCHECK in flate stream: 120, 239"
Warning: Invalid stream: "FormatError: Bad FCHECK in flate stream: 120, 239"
Warning: Invalid stream: "FormatError: Bad FCHECK in flate stream: 120, 239"
Warning: Invalid stream: "FormatError: Bad FCHECK in flate stream: 120, 239"
Warning: Invalid stream: "FormatError: Bad FCHECK in flate stream: 120, 239"
Warning: Invalid stream: "FormatError: Bad FCHECK in flate stream: 120, 239"
Warning: Invalid stream: "FormatError: Bad FCHECK in flate stream: 120, 239"
Warning: Invalid stream: "FormatError: Bad FCHECK in flate stream: 120, 239"
Warning: Invalid stream: "FormatError: Bad FCHECK in flate stream: 120, 239"
Warning: Invalid stream: "FormatError: Bad FCHECK in flate stream: 120, 239"
Warning: Invalid stream: "FormatError: Bad FCHECK in flate stream: 120, 239"
Warning: Invalid stream: "FormatError: Bad FCHECK in flate stream: 120, 239"
Warning: Invalid stream: "FormatError: Bad FCHECK in flate stream: 120, 239"
Warning: Invalid stream: "FormatError: Bad FCHECK in flate stream: 120, 239"
Warning: Invalid stream: "FormatError: Bad FCHECK in flate stream: 120, 239"
Warning: Invalid stream: "FormatError: Bad FCHECK in flate stream: 120, 239"
Warning: Invalid stream: "FormatError: Bad FCHECK in flate stream: 120, 239"
Warning: Invalid stream: "FormatError: Bad FCHECK in flate stream: 120, 239"
Warning: Invalid stream: "FormatError: Bad FCHECK in flate stream: 120, 239"
Warning: Invalid stream: "FormatError: Bad FCHECK in flate stream: 120, 239"
Warning: Invalid stream: "FormatError: Bad FCHECK in flate stream: 120, 239"
Warning: Invalid stream: "FormatError: Bad FCHECK in flate stream: 120, 239"
Warning: Invalid stream: "FormatError: Bad FCHECK in flate stream: 120, 239"
Warning: Invalid stream: "FormatError: Bad FCHECK in flate stream: 120, 239"
Warning: Invalid stream: "FormatError: Bad FCHECK in flate stream: 120, 239"
Warning: Invalid stream: "FormatError: Bad FCHECK in flate stream: 120, 239"
Warning: Invalid stream: "FormatError: Bad FCHECK in flate stream: 120, 239"
Warning: Invalid stream: "FormatError: Bad FCHECK in flate stream: 120, 239"
Warning: Invalid stream: "FormatError: Bad FCHECK in flate stream: 120, 239"
Warning: Invalid stream: "FormatError: Bad FCHECK in flate stream: 120, 239"
Warning: Invalid stream: "FormatError: Bad FCHECK in flate stream: 120, 239"
Warning: Invalid stream: "FormatError: Bad FCHECK in flate stream: 120, 239"
Warning: Invalid stream: "FormatError: Bad FCHECK in flate stream: 120, 239"
Warning: Invalid stream: "FormatError: Bad FCHECK in flate stream: 120, 239"
Warning: Invalid stream: "FormatError: Bad FCHECK in flate stream: 120, 239"
Warning: Invalid stream: "FormatError: Bad FCHECK in flate stream: 120, 239"
Warning: Invalid stream: "FormatError: Bad FCHECK in flate stream: 120, 239"
Warning: Invalid stream: "FormatError: Bad FCHECK in flate stream: 120, 239"
Warning: Invalid stream: "FormatError: Bad FCHECK in flate stream: 120, 239"
Warning: Invalid stream: "FormatError: Bad FCHECK in flate stream: 120, 239"
Warning: Invalid stream: "FormatError: Bad FCHECK in flate stream: 120, 239"
Warning: Invalid stream: "FormatError: Bad FCHECK in flate stream: 120, 239"
Warning: Invalid stream: "FormatError: Bad FCHECK in flate stream: 120, 239"
Warning: Invalid stream: "FormatError: Bad FCHECK in flate stream: 120, 239"
Warning: Invalid stream: "FormatError: Bad FCHECK in flate stream: 120, 239"
Warning: Invalid stream: "FormatError: Bad FCHECK in flate stream: 120, 239"
Warning: Invalid stream: "FormatError: Bad FCHECK in flate stream: 120, 239"
Warning: Invalid stream: "FormatError: Bad FCHECK in flate stream: 120, 239"
Warning: Invalid stream: "FormatError: Bad FCHECK in flate stream: 120, 239"
Warning: Invalid stream: "FormatError: Bad FCHECK in flate stream: 120, 239"
Warning: Invalid stream: "FormatError: Bad FCHECK in flate stream: 120, 239"
Warning: Invalid stream: "FormatError: Bad FCHECK in flate stream: 120, 239"
Warning: Invalid stream: "FormatError: Bad FCHECK in flate stream: 120, 239"
Warning: Invalid stream: "FormatError: Bad FCHECK in flate stream: 120, 239"
Warning: Invalid stream: "FormatError: Bad FCHECK in flate stream: 120, 239"
Warning: Invalid stream: "FormatError: Bad FCHECK in flate stream: 120, 239"
Warning: Invalid stream: "FormatError: Bad FCHECK in flate stream: 120, 239"
Warning: Invalid stream: "FormatError: Bad FCHECK in flate stream: 120, 239"
Warning: Invalid stream: "FormatError: Bad FCHECK in flate stream: 120, 239"
Warning: Invalid stream: "FormatError: Bad FCHECK in flate stream: 120, 239"
Warning: Invalid stream: "FormatError: Bad FCHECK in flate stream: 120, 239"
Warning: Invalid stream: "FormatError: Bad FCHECK in flate stream: 120, 239"
Warning: Invalid stream: "FormatError: Bad FCHECK in flate stream: 120, 239"
Warning: Invalid stream: "FormatError: Bad FCHECK in flate stream: 120, 239"
Warning: Invalid stream: "FormatError: Bad FCHECK in flate stream: 120, 239"
Warning: Invalid stream: "FormatError: Bad FCHECK in flate stream: 120, 239"
Warning: Invalid stream: "FormatError: Bad FCHECK in flate stream: 120, 239"
Warning: Invalid stream: "FormatError: Bad FCHECK in flate stream: 120, 239"
Warning: Invalid stream: "FormatError: Bad FCHECK in flate stream: 120, 239"
Warning: Invalid stream: "FormatError: Bad FCHECK in flate stream: 120, 239"
Warning: Invalid stream: "FormatError: Bad FCHECK in flate stream: 120, 239"
Warning: Invalid stream: "FormatError: Bad FCHECK in flate stream: 120, 239"
Warning: Invalid stream: "FormatError: Bad FCHECK in flate stream: 120, 239"
Warning: Invalid stream: "FormatError: Bad FCHECK in flate stream: 120, 239"
Warning: Invalid stream: "FormatError: Bad FCHECK in flate stream: 120, 239"
Warning: Invalid stream: "FormatError: Bad FCHECK in flate stream: 120, 239"
Warning: Invalid stream: "FormatError: Bad FCHECK in flate stream: 120, 239"
Warning: Invalid stream: "FormatError: Bad FCHECK in flate stream: 120, 239"
Warning: Invalid stream: "FormatError: Bad FCHECK in flate stream: 120, 239"
Warning: Invalid stream: "FormatError: Bad FCHECK in flate stream: 120, 239"
Warning: Invalid stream: "FormatError: Bad FCHECK in flate stream: 120, 239"
Warning: Invalid stream: "FormatError: Bad FCHECK in flate stream: 120, 239"
Warning: Invalid stream: "FormatError: Bad FCHECK in flate stream: 120, 239"
Warning: Invalid stream: "FormatError: Bad FCHECK in flate stream: 120, 239"
Warning: Invalid stream: "FormatError: Bad FCHECK in flate stream: 120, 239"
Warning: Invalid stream: "FormatError: Bad FCHECK in flate stream: 120, 239"
Warning: Invalid stream: "FormatError: Bad FCHECK in flate stream: 120, 239"
Warning: Invalid stream: "FormatError: Bad FCHECK in flate stream: 120, 239"
Warning: Invalid stream: "FormatError: Bad FCHECK in flate stream: 120, 239"
Warning: Invalid stream: "FormatError: Bad FCHECK in flate stream: 120, 239"
Warning: Invalid stream: "FormatError: Bad FCHECK in flate stream: 120, 239"
Warning: Invalid stream: "FormatError: Bad FCHECK in flate stream: 120, 239"
Warning: Invalid stream: "FormatError: Bad FCHECK in flate stream: 120, 239"
Warning: Invalid stream: "FormatError: Bad FCHECK in flate stream: 120, 239"
Warning: Invalid stream: "FormatError: Bad FCHECK in flate stream: 120, 239"
Warning: Invalid stream: "FormatError: Bad FCHECK in flate stream: 120, 239"
Warning: Invalid stream: "FormatError: Bad FCHECK in flate stream: 120, 239"
Warning: Invalid stream: "FormatError: Bad FCHECK in flate stream: 120, 239"
Warning: Invalid stream: "FormatError: Bad FCHECK in flate stream: 120, 239"
Warning: Invalid stream: "FormatError: Bad FCHECK in flate stream: 120, 239"
Warning: Invalid stream: "FormatError: Bad FCHECK in flate stream: 120, 239"
Warning: Invalid stream: "FormatError: Bad FCHECK in flate stream: 120, 239"
Warning: Invalid stream: "FormatError: Bad FCHECK in flate stream: 120, 239"
Warning: Invalid stream: "FormatError: Bad FCHECK in flate stream: 120, 239"
Warning: Invalid stream: "FormatError: Bad FCHECK in flate stream: 120, 239"
Warning: Invalid stream: "FormatError: Bad FCHECK in flate stream: 120, 239"
Warning: Invalid stream: "FormatError: Bad FCHECK in flate stream: 120, 239"
Warning: Invalid stream: "FormatError: Bad FCHECK in flate stream: 120, 239"
Warning: Invalid stream: "FormatError: Bad FCHECK in flate stream: 120, 239"
Warning: Invalid stream: "FormatError: Bad FCHECK in flate stream: 120, 239"
Warning: Invalid stream: "FormatError: Bad FCHECK in flate stream: 120, 239"
Warning: Invalid stream: "FormatError: Bad FCHECK in flate stream: 120, 239"
Warning: Invalid stream: "FormatError: Bad FCHECK in flate stream: 120, 239"
Warning: Invalid stream: "FormatError: Bad FCHECK in flate stream: 120, 239"
Warning: Invalid stream: "FormatError: Bad FCHECK in flate stream: 120, 239"
Warning: Invalid stream: "FormatError: Bad FCHECK in flate stream: 120, 239"
Warning: Invalid stream: "FormatError: Bad FCHECK in flate stream: 120, 239"
Warning: Invalid stream: "FormatError: Bad FCHECK in flate stream: 120, 239"
Warning: Invalid stream: "FormatError: Bad FCHECK in flate stream: 120, 239"
Warning: Invalid stream: "FormatError: Bad FCHECK in flate stream: 120, 239"
Warning: Invalid stream: "FormatError: Bad FCHECK in flate stream: 120, 239"
Warning: Invalid stream: "FormatError: Bad FCHECK in flate stream: 120, 239"
Warning: Invalid stream: "FormatError: Bad FCHECK in flate stream: 120, 239"
Warning: Invalid stream: "FormatError: Bad FCHECK in flate stream: 120, 239"
Warning: Invalid stream: "FormatError: Bad FCHECK in flate stream: 120, 239"
Warning: Invalid stream: "FormatError: Bad FCHECK in flate stream: 120, 239"
Warning: Invalid stream: "FormatError: Bad FCHECK in flate stream: 120, 239"
Warning: Invalid stream: "FormatError: Bad FCHECK in flate stream: 120, 239"
Warning: Invalid stream: "FormatError: Bad FCHECK in flate stream: 120, 239"
Warning: Invalid stream: "FormatError: Bad FCHECK in flate stream: 120, 239"
Warning: Invalid stream: "FormatError: Bad FCHECK in flate stream: 120, 239"
Warning: Invalid stream: "FormatError: Bad FCHECK in flate stream: 120, 239"
Warning: Invalid stream: "FormatError: Bad FCHECK in flate stream: 120, 239"
Warning: Invalid stream: "FormatError: Bad FCHECK in flate stream: 120, 239"
Warning: Invalid stream: "FormatError: Bad FCHECK in flate stream: 120, 239"
Warning: Invalid stream: "FormatError: Bad FCHECK in flate stream: 120, 239"
Warning: Invalid stream: "FormatError: Bad FCHECK in flate stream: 120, 239"
Warning: Invalid stream: "FormatError: Bad FCHECK in flate stream: 120, 239"
Warning: Invalid stream: "FormatError: Bad FCHECK in flate stream: 120, 239"
Warning: Invalid stream: "FormatError: Bad FCHECK in flate stream: 120, 239"
Warning: Invalid stream: "FormatError: Bad FCHECK in flate stream: 120, 239"
Warning: Invalid stream: "FormatError: Bad FCHECK in flate stream: 120, 239"
Warning: Invalid stream: "FormatError: Bad FCHECK in flate stream: 120, 239"
Warning: Invalid stream: "FormatError: Bad FCHECK in flate stream: 120, 239"
Warning: Invalid stream: "FormatError: Bad FCHECK in flate stream: 120, 239"
Warning: Invalid stream: "FormatError: Bad FCHECK in flate stream: 120, 239"
Warning: Invalid stream: "FormatError: Bad FCHECK in flate stream: 120, 239"
Warning: Invalid stream: "FormatError: Bad FCHECK in flate stream: 120, 239"
Warning: Invalid stream: "FormatError: Bad FCHECK in flate stream: 120, 239"
Warning: Invalid stream: "FormatError: Bad FCHECK in flate stream: 120, 239"
Warning: Invalid stream: "FormatError: Bad FCHECK in flate stream: 120, 239"
Warning: Invalid stream: "FormatError: Bad FCHECK in flate stream: 120, 239"
Warning: Invalid stream: "FormatError: Bad FCHECK in flate stream: 120, 239"
Warning: Invalid stream: "FormatError: Bad FCHECK in flate stream: 120, 239"
Warning: Invalid stream: "FormatError: Bad FCHECK in flate stream: 120, 239"
Warning: Invalid stream: "FormatError: Bad FCHECK in flate stream: 120, 239"
Warning: Invalid stream: "FormatError: Bad FCHECK in flate stream: 120, 239"
Warning: Invalid stream: "FormatError: Bad FCHECK in flate stream: 120, 239"
Warning: Invalid stream: "FormatError: Bad FCHECK in flate stream: 120, 239"
Warning: Invalid stream: "FormatError: Bad FCHECK in flate stream: 120, 239"
Warning: Invalid stream: "FormatError: Bad FCHECK in flate stream: 120, 239"
Warning: Invalid stream: "FormatError: Bad FCHECK in flate stream: 120, 239"
Warning: Invalid stream: "FormatError: Bad FCHECK in flate stream: 120, 239"
Warning: Invalid stream: "FormatError: Bad FCHECK in flate stream: 120, 239"
Warning: Invalid stream: "FormatError: Bad FCHECK in flate stream: 120, 239"
Warning: Invalid stream: "FormatError: Bad FCHECK in flate stream: 120, 239"
Warning: Invalid stream: "FormatError: Bad FCHECK in flate stream: 120, 239"
Warning: Invalid stream: "FormatError: Bad FCHECK in flate stream: 120, 239"
Warning: Invalid stream: "FormatError: Bad FCHECK in flate stream: 120, 239"
Warning: Invalid stream: "FormatError: Bad FCHECK in flate stream: 120, 239"
Warning: Invalid stream: "FormatError: Bad FCHECK in flate stream: 120, 239"
Warning: Invalid stream: "FormatError: Bad FCHECK in flate stream: 120, 239"
Warning: Invalid stream: "FormatError: Bad FCHECK in flate stream: 120, 239"
Warning: Invalid stream: "FormatError: Bad FCHECK in flate stream: 120, 239"
Warning: Ignoring invalid character "239" in hex string
Warning: Ignoring invalid character "191" in hex string
Warning: Ignoring invalid character "189" in hex string
Warning: Ignoring invalid character "206" in hex string
Warning: Ignoring invalid character "137" in hex string
Warning: Ignoring invalid character "239" in hex string
Warning: Ignoring invalid character "191" in hex string
Warning: Ignoring invalid character "189" in hex string
Warning: Ignoring invalid character "239" in hex string
Warning: Ignoring invalid character "191" in hex string
Warning: Ignoring invalid character "189" in hex string
Warning: Ignoring invalid character "239" in hex string
Warning: Ignoring invalid character "191" in hex string
Warning: Ignoring invalid character "189" in hex string
Warning: Ignoring invalid character "106" in hex string
Warning: Ignoring invalid character "77" in hex string
Warning: Ignoring invalid character "5" in hex string
Warning: Ignoring invalid character "36" in hex string
Warning: Ignoring invalid character "14" in hex string
Warning: Ignoring invalid character "76" in hex string
Warning: Ignoring invalid character "239" in hex string
Warning: Ignoring invalid character "191" in hex string
Warning: Ignoring invalid character "189" in hex string
Warning: Ignoring invalid character "201" in hex string
Warning: Ignoring invalid character "129" in hex string
Warning: Ignoring invalid character "239" in hex string
Warning: Ignoring invalid character "191" in hex string
Warning: Ignoring invalid character "189" in hex string
Warning: Ignoring invalid character "239" in hex string
Warning: Ignoring invalid character "171" in hex string
Warning: Ignoring invalid character "130" in hex string
Warning: Ignoring invalid character "195" in hex string
Warning: Ignoring invalid character "147" in hex string
Warning: Ignoring invalid character "198" in hex string
Warning: Ignoring invalid character "149" in hex string
Warning: Ignoring invalid character "239" in hex string
Warning: Ignoring invalid character "191" in hex string
Warning: Ignoring invalid character "189" in hex string
Warning: Ignoring invalid character "239" in hex string
Warning: Ignoring invalid character "191" in hex string
Warning: Ignoring invalid character "189" in hex string
Warning: Ignoring invalid character "239" in hex string
Warning: Ignoring invalid character "191" in hex string
Warning: Ignoring invalid character "189" in hex string
Warning: Ignoring invalid character "239" in hex string
Warning: Ignoring invalid character "191" in hex string
Warning: Ignoring invalid character "189" in hex string
Warning: Ignoring invalid character "239" in hex string
Warning: Ignoring invalid character "191" in hex string
Warning: Ignoring invalid character "189" in hex string
Warning: Ignoring invalid character "18" in hex string
Warning: Ignoring invalid character "239" in hex string
Warning: Ignoring invalid character "191" in hex string
Warning: Ignoring invalid character "189" in hex string
Warning: Ignoring invalid character "239" in hex string
Warning: Ignoring invalid character "191" in hex string
Warning: Ignoring invalid character "189" in hex string
Warning: Ignoring invalid character "239" in hex string
Warning: Ignoring invalid character "191" in hex string
Warning: Ignoring invalid character "189" in hex string
Warning: Ignoring invalid character "15" in hex string
Warning: Ignoring invalid character "239" in hex string
Warning: Ignoring invalid character "191" in hex string
Warning: Ignoring invalid character "189" in hex string
Warning: Ignoring invalid character "8" in hex string
Warning: Ignoring invalid character "239" in hex string
Warning: Ignoring invalid character "191" in hex string
Warning: Ignoring invalid character "189" in hex string
Warning: Ignoring invalid character "239" in hex string
Warning: Ignoring invalid character "191" in hex string
Warning: Ignoring invalid character "189" in hex string
Warning: Ignoring invalid character "239" in hex string
Warning: Ignoring invalid character "191" in hex string
Warning: Ignoring invalid character "189" in hex string
Warning: Ignoring invalid character "41" in hex string
Warning: Ignoring invalid character "239" in hex string
Warning: Ignoring invalid character "191" in hex string
Warning: Ignoring invalid character "189" in hex string
Warning: Ignoring invalid character "42" in hex string
Warning: Ignoring invalid character "239" in hex string
Warning: Ignoring invalid character "191" in hex string
Warning: Ignoring invalid character "189" in hex string
Warning: Ignoring invalid character "28" in hex string
Warning: Ignoring invalid character "107" in hex string
Warning: Ignoring invalid character "85" in hex string
Warning: Ignoring invalid character "117" in hex string
Warning: Ignoring invalid character "8" in hex string
Warning: Ignoring invalid character "239" in hex string
Warning: Ignoring invalid character "191" in hex string
Warning: Ignoring invalid character "189" in hex string
Warning: Ignoring invalid character "239" in hex string
Warning: Ignoring invalid character "191" in hex string
Warning: Ignoring invalid character "189" in hex string
Warning: Ignoring invalid character "239" in hex string
Warning: Ignoring invalid character "191" in hex string
Warning: Ignoring invalid character "189" in hex string
Warning: Ignoring invalid character "112" in hex string
Warning: Ignoring invalid character "239" in hex string
Warning: Ignoring invalid character "191" in hex string
Warning: Ignoring invalid character "189" in hex string
Warning: Ignoring invalid character "239" in hex string
Warning: Ignoring invalid character "191" in hex string
Warning: Ignoring invalid character "189" in hex string
Warning: Ignoring invalid character "82" in hex string
Warning: Ignoring invalid character "239" in hex string
Warning: Ignoring invalid character "191" in hex string
Warning: Ignoring invalid character "189" in hex string
Warning: Ignoring invalid character "239" in hex string
Warning: Ignoring invalid character "191" in hex string
Warning: Ignoring invalid character "189" in hex string
Warning: Ignoring invalid character "239" in hex string
Warning: Ignoring invalid character "191" in hex string
Warning: Ignoring invalid character "189" in hex string
Warning: Ignoring invalid character "239" in hex string
Warning: Ignoring invalid character "191" in hex string
Warning: Ignoring invalid character "189" in hex string
Warning: Ignoring invalid character "239" in hex string
Warning: Ignoring invalid character "191" in hex string
Warning: Ignoring invalid character "189" in hex string
Warning: Ignoring invalid character "239" in hex string
Warning: Ignoring invalid character "191" in hex string
Warning: Ignoring invalid character "189" in hex string
Warning: Ignoring invalid character "36" in hex string
Warning: Ignoring invalid character "239" in hex string
Warning: Ignoring invalid character "191" in hex string
Warning: Ignoring invalid character "189" in hex string
Warning: Ignoring invalid character "80" in hex string
Warning: Ignoring invalid character "239" in hex string
Warning: Ignoring invalid character "191" in hex string
Warning: Ignoring invalid character "189" in hex string
Warning: Ignoring invalid character "80" in hex string
Warning: Ignoring invalid character "3" in hex string
Warning: Ignoring invalid character "103" in hex string
Warning: Ignoring invalid character "239" in hex string
Warning: Ignoring invalid character "191" in hex string
Warning: Ignoring invalid character "189" in hex string
Warning: Ignoring invalid character "239" in hex string
Warning: Ignoring invalid character "191" in hex string
Warning: Ignoring invalid character "189" in hex string
Warning: Ignoring invalid character "228" in hex string
Warning: Ignoring invalid character "158" in hex string
Warning: Ignoring invalid character "171" in hex string
Warning: Ignoring invalid character "79" in hex string
Warning: Ignoring invalid character "77" in hex string
Warning: Ignoring invalid character "88" in hex string
Warning: Ignoring invalid character "16" in hex string
Warning: Ignoring invalid character "239" in hex string
Warning: Ignoring invalid character "191" in hex string
Warning: Ignoring invalid character "189" in hex string
Warning: Ignoring invalid character "239" in hex string
Warning: Ignoring invalid character "191" in hex string
Warning: Ignoring invalid character "189" in hex string
Warning: Ignoring invalid character "111" in hex string
Warning: Ignoring invalid character "21" in hex string
Warning: Ignoring invalid character "239" in hex string
Warning: Ignoring invalid character "191" in hex string
Warning: Ignoring invalid character "189" in hex string
Warning: Ignoring invalid character "239" in hex string
Warning: Ignoring invalid character "191" in hex string
Warning: Ignoring invalid character "189" in hex string
Warning: Ignoring invalid character "72" in hex string
Warning: Ignoring invalid character "239" in hex string
Warning: Ignoring invalid character "191" in hex string
Warning: Ignoring invalid character "189" in hex string
Warning: Ignoring invalid character "126" in hex string
Warning: Ignoring invalid character "239" in hex string
Warning: Ignoring invalid character "191" in hex string
Warning: Ignoring invalid character "189" in hex string
Warning: Ignoring invalid character "239" in hex string
Warning: Ignoring invalid character "191" in hex string
Warning: Ignoring invalid character "189" in hex string
Warning: Ignoring invalid character "105" in hex string
Warning: Ignoring invalid character "88" in hex string
Warning: Ignoring invalid character "107" in hex string
Warning: Ignoring invalid character "239" in hex string
Warning: Ignoring invalid character "191" in hex string
Warning: Ignoring invalid character "189" in hex string
Warning: Ignoring invalid character "72" in hex string
Warning: Ignoring invalid character "239" in hex string
Warning: Ignoring invalid character "191" in hex string
Warning: Ignoring invalid character "189" in hex string
Warning: Ignoring invalid character "239" in hex string
Warning: Ignoring invalid character "191" in hex string
Warning: Ignoring invalid character "189" in hex string
Warning: Ignoring invalid character "92" in hex string
Warning: Ignoring invalid character "239" in hex string
Warning: Ignoring invalid character "191" in hex string
Warning: Ignoring invalid character "189" in hex string
Warning: Ignoring invalid character "107" in hex string
Warning: Ignoring invalid character "105" in hex string
Warning: Ignoring invalid character "40" in hex string
Warning: Ignoring invalid character "239" in hex string
Warning: Ignoring invalid character "191" in hex string
Warning: Ignoring invalid character "189" in hex string
Warning: Ignoring invalid character "239" in hex string
Warning: Ignoring invalid character "191" in hex string
Warning: Ignoring invalid character "189" in hex string
Warning: Ignoring invalid character "78" in hex string
Warning: Ignoring invalid character "239" in hex string
Warning: Ignoring invalid character "191" in hex string
Warning: Ignoring invalid character "189" in hex string
Warning: Ignoring invalid character "123" in hex string
Warning: Ignoring invalid character "119" in hex string
Warning: Ignoring invalid character "24" in hex string
Warning: Ignoring invalid character "239" in hex string
Warning: Ignoring invalid character "191" in hex string
Warning: Ignoring invalid character "189" in hex string
Warning: Ignoring invalid character "45" in hex string
Warning: Ignoring invalid character "24" in hex string
Warning: Ignoring invalid character "1" in hex string
Warning: Ignoring invalid character "110" in hex string
Warning: Ignoring invalid character "239" in hex string
Warning: Ignoring invalid character "191" in hex string
Warning: Ignoring invalid character "189" in hex string
Warning: Ignoring invalid character "119" in hex string
Warning: Ignoring invalid character "239" in hex string
Warning: Ignoring invalid character "191" in hex string
Warning: Ignoring invalid character "189" in hex string
Warning: Ignoring invalid character "107" in hex string
Warning: Ignoring invalid character "239" in hex string
Warning: Ignoring invalid character "191" in hex string
Warning: Ignoring invalid character "189" in hex string
Warning: Ignoring invalid character "5" in hex string
Warning: Ignoring invalid character "122" in hex string
Warning: Ignoring invalid character "208" in hex string
Warning: Ignoring invalid character "171" in hex string
Warning: Ignoring invalid character "239" in hex string
Warning: Ignoring invalid character "191" in hex string
Warning: Ignoring invalid character "189" in hex string
Warning: Ignoring invalid character "239" in hex string
Warning: Ignoring invalid character "191" in hex string
Warning: Ignoring invalid character "189" in hex string
Warning: Ignoring invalid character "29" in hex string
Warning: Ignoring invalid character "208" in hex string
Warning: Ignoring invalid character "155" in hex string
Warning: Ignoring invalid character "239" in hex string
Warning: Ignoring invalid character "191" in hex string
Warning: Ignoring invalid character "189" in hex string
Warning: Ignoring invalid character "33" in hex string
Warning: Ignoring invalid character "239" in hex string
Warning: Ignoring invalid character "191" in hex string
Warning: Ignoring invalid character "189" in hex string
Warning: Ignoring invalid character "18" in hex string
Warning: Ignoring invalid character "96" in hex string
Warning: Ignoring invalid character "113" in hex string
Warning: Ignoring invalid character "239" in hex string
Warning: Ignoring invalid character "191" in hex string
Warning: Ignoring invalid character "189" in hex string
Warning: Ignoring invalid character "39" in hex string
Warning: Ignoring invalid character "239" in hex string
Warning: Ignoring invalid character "191" in hex string
Warning: Ignoring invalid character "189" in hex string
Warning: Ignoring invalid character "64" in hex string
Warning: Ignoring invalid character "239" in hex string
Warning: Ignoring invalid character "191" in hex string
Warning: Ignoring invalid character "189" in hex string
Warning: Ignoring invalid character "40" in hex string
Warning: Ignoring invalid character "41" in hex string
Warning: Ignoring invalid character "239" in hex string
Warning: Ignoring invalid character "191" in hex string
Warning: Ignoring invalid character "189" in hex string
Warning: Ignoring invalid character "239" in hex string
Warning: Ignoring invalid character "191" in hex string
Warning: Ignoring invalid character "189" in hex string
Warning: Ignoring invalid character "115" in hex string
Warning: Ignoring invalid character "239" in hex string
Warning: Ignoring invalid character "191" in hex string
Warning: Ignoring invalid character "189" in hex string
Warning: Ignoring invalid character "19" in hex string
Warning: Ignoring invalid character "195" in hex string
Warning: Ignoring invalid character "187" in hex string
Warning: Ignoring invalid character "239" in hex string
Warning: Ignoring invalid character "191" in hex string
Warning: Ignoring invalid character "189" in hex string
Warning: Ignoring invalid character "239" in hex string
Warning: Ignoring invalid character "191" in hex string
Warning: Ignoring invalid character "189" in hex string
Warning: Ignoring invalid character "105" in hex string
Warning: Ignoring invalid character "239" in hex string
Warning: Ignoring invalid character "191" in hex string
Warning: Ignoring invalid character "189" in hex string
Warning: Ignoring invalid character "4" in hex string
Warning: Ignoring invalid character "239" in hex string
Warning: Ignoring invalid character "191" in hex string
Warning: Ignoring invalid character "189" in hex string
Warning: Ignoring invalid character "28" in hex string
Warning: Ignoring invalid character "112" in hex string
Warning: Ignoring invalid character "214" in hex string
Warning: Ignoring invalid character "145" in hex string
Warning: Ignoring invalid character "239" in hex string
Warning: Ignoring invalid character "191" in hex string
Warning: Ignoring invalid character "189" in hex string
Warning: Ignoring invalid character "239" in hex string
Warning: Ignoring invalid character "191" in hex string
Warning: Ignoring invalid character "189" in hex string
Warning: Ignoring invalid character "121" in hex string
Warning: Ignoring invalid character "239" in hex string
Warning: Ignoring invalid character "191" in hex string
Warning: Ignoring invalid character "189" in hex string
Warning: Ignoring invalid character "197" in hex string
Warning: Ignoring invalid character "171" in hex string
Warning: Ignoring invalid character "82" in hex string
Warning: Ignoring invalid character "18" in hex string
Warning: Ignoring invalid character "239" in hex string
Warning: Ignoring invalid character "191" in hex string
Warning: Ignoring invalid character "189" in hex string
Warning: Ignoring invalid character "239" in hex string
Warning: Ignoring invalid character "191" in hex string
Warning: Ignoring invalid character "189" in hex string
Warning: Ignoring invalid character "29" in hex string
Warning: Ignoring invalid character "239" in hex string
Warning: Ignoring invalid character "191" in hex string
Warning: Ignoring invalid character "189" in hex string
Warning: Ignoring invalid character "17" in hex string
Warning: Ignoring invalid character "239" in hex string
Warning: Ignoring invalid character "191" in hex string
Warning: Ignoring invalid character "189" in hex string
Warning: Ignoring invalid character "20" in hex string
Warning: Ignoring invalid character "104" in hex string
Warning: Ignoring invalid character "239" in hex string
Warning: Ignoring invalid character "191" in hex string
Warning: Ignoring invalid character "189" in hex string
Warning: Ignoring invalid character "239" in hex string
Warning: Ignoring invalid character "191" in hex string
Warning: Ignoring invalid character "189" in hex string
Warning: Ignoring invalid character "239" in hex string
Warning: Ignoring invalid character "191" in hex string
Warning: Ignoring invalid character "189" in hex string
Warning: Ignoring invalid character "27" in hex string
Warning: Ignoring invalid character "239" in hex string
Warning: Ignoring invalid character "191" in hex string
Warning: Ignoring invalid character "189" in hex string
Warning: Ignoring invalid character "239" in hex string
Warning: Ignoring invalid character "191" in hex string
Warning: Ignoring invalid character "189" in hex string
Warning: Ignoring invalid character "239" in hex string
Warning: Ignoring invalid character "191" in hex string
Warning: Ignoring invalid character "189" in hex string
Warning: Ignoring invalid character "239" in hex string
Warning: Ignoring invalid character "191" in hex string
Warning: Ignoring invalid character "189" in hex string
Warning: Ignoring invalid character "239" in hex string
Warning: Ignoring invalid character "191" in hex string
Warning: Ignoring invalid character "189" in hex string
Warning: Ignoring invalid character "115" in hex string
Warning: Ignoring invalid character "239" in hex string
Warning: Ignoring invalid character "191" in hex string
Warning: Ignoring invalid character "189" in hex string
Warning: Ignoring invalid character "239" in hex string
Warning: Ignoring invalid character "191" in hex string
Warning: Ignoring invalid character "189" in hex string
Warning: Ignoring invalid character "92" in hex string
Warning: Ignoring invalid character "28" in hex string
Warning: Ignoring invalid character "95" in hex string
Warning: Ignoring invalid character "239" in hex string
Warning: Ignoring invalid character "191" in hex string
Warning: Ignoring invalid character "189" in hex string
Warning: Ignoring invalid character "4" in hex string
Warning: Ignoring invalid character "77" in hex string
Warning: Ignoring invalid character "96" in hex string
Warning: Ignoring invalid character "239" in hex string
Warning: Ignoring invalid character "191" in hex string
Warning: Ignoring invalid character "189" in hex string
Warning: Ignoring invalid character "239" in hex string
Warning: Ignoring invalid character "191" in hex string
Warning: Ignoring invalid character "189" in hex string
Warning: Ignoring invalid character "76" in hex string
Warning: Ignoring invalid character "239" in hex string
Warning: Ignoring invalid character "191" in hex string
Warning: Ignoring invalid character "189" in hex string
Warning: Ignoring invalid character "36" in hex string
Warning: Ignoring invalid character "239" in hex string
Warning: Ignoring invalid character "191" in hex string
Warning: Ignoring invalid character "189" in hex string
Warning: Ignoring invalid character "29" in hex string
Warning: Ignoring invalid character "213" in hex string
Warning: Ignoring invalid character "179" in hex string
Warning: Ignoring invalid character "40" in hex string
Warning: Ignoring invalid character "122" in hex string
Warning: Ignoring invalid character "239" in hex string
Warning: Ignoring invalid character "191" in hex string
Warning: Ignoring invalid character "189" in hex string
Warning: Ignoring invalid character "24" in hex string
Warning: Ignoring invalid character "239" in hex string
Warning: Ignoring invalid character "191" in hex string
Warning: Ignoring invalid character "189" in hex string
Warning: Ignoring invalid character "239" in hex string
Warning: Ignoring invalid character "191" in hex string
Warning: Ignoring invalid character "189" in hex string
Warning: Ignoring invalid character "107" in hex string
Warning: Ignoring invalid character "31" in hex string
Warning: Ignoring invalid character "2" in hex string
Warning: Ignoring invalid character "27" in hex string
Warning: Invalid stream: "FormatError: Bad FCHECK in flate stream: 120, 239"
Warning: Invalid stream: "FormatError: Bad FCHECK in flate stream: 120, 239"
Warning: Invalid stream: "FormatError: Bad FCHECK in flate stream: 120, 239"
Warning: Invalid stream: "FormatError: Bad FCHECK in flate stream: 120, 239"
Warning: Invalid stream: "FormatError: Bad FCHECK in flate stream: 120, 239"
Warning: Invalid stream: "FormatError: Bad FCHECK in flate stream: 120, 239"
Warning: Invalid stream: "FormatError: Bad FCHECK in flate stream: 120, 239"
Warning: Invalid stream: "FormatError: Bad FCHECK in flate stream: 120, 239"
Warning: Invalid stream: "FormatError: Bad FCHECK in flate stream: 120, 239"
Warning: Invalid stream: "FormatError: Bad FCHECK in flate stream: 120, 239"
Warning: Invalid stream: "FormatError: Bad FCHECK in flate stream: 120, 239"
Warning: Invalid stream: "FormatError: Bad FCHECK in flate stream: 120, 239"
Warning: Invalid stream: "FormatError: Bad FCHECK in flate stream: 120, 239"
Warning: Invalid stream: "FormatError: Bad FCHECK in flate stream: 120, 239"
Warning: Invalid stream: "FormatError: Bad FCHECK in flate stream: 120, 239"
Warning: Invalid stream: "FormatError: Bad FCHECK in flate stream: 120, 239"
Warning: Invalid stream: "FormatError: Bad FCHECK in flate stream: 120, 239"
Warning: Invalid stream: "FormatError: Bad FCHECK in flate stream: 120, 239"
Warning: Invalid stream: "FormatError: Bad FCHECK in flate stream: 120, 239"
Warning: Invalid stream: "FormatError: Bad FCHECK in flate stream: 120, 239"
Warning: Invalid stream: "FormatError: Bad FCHECK in flate stream: 120, 239"
Warning: Invalid stream: "FormatError: Bad FCHECK in flate stream: 120, 239"
Warning: Invalid stream: "FormatError: Bad FCHECK in flate stream: 120, 239"
Warning: Invalid stream: "FormatError: Bad FCHECK in flate stream: 120, 239"
Warning: Invalid stream: "FormatError: Bad FCHECK in flate stream: 120, 239"
Warning: Invalid stream: "FormatError: Bad FCHECK in flate stream: 120, 239"
Warning: Invalid stream: "FormatError: Bad FCHECK in flate stream: 120, 239"
Warning: Invalid stream: "FormatError: Bad FCHECK in flate stream: 120, 239"
Warning: Invalid stream: "FormatError: Bad FCHECK in flate stream: 120, 239"
Warning: Invalid stream: "FormatError: Bad FCHECK in flate stream: 120, 239"
Warning: Invalid stream: "FormatError: Bad FCHECK in flate stream: 120, 239"
Warning: Invalid stream: "FormatError: Bad FCHECK in flate stream: 120, 239"
Warning: Invalid stream: "FormatError: Bad FCHECK in flate stream: 120, 239"
Warning: Invalid stream: "FormatError: Bad FCHECK in flate stream: 120, 239"
Warning: Invalid stream: "FormatError: Bad FCHECK in flate stream: 120, 239"
Warning: Invalid stream: "FormatError: Bad FCHECK in flate stream: 120, 239"
Warning: Invalid stream: "FormatError: Bad FCHECK in flate stream: 120, 239"
Warning: Invalid stream: "FormatError: Bad FCHECK in flate stream: 120, 239"
Warning: Invalid stream: "FormatError: Bad FCHECK in flate stream: 120, 239"
Warning: Invalid stream: "FormatError: Bad FCHECK in flate stream: 120, 239"
Warning: Invalid stream: "FormatError: Bad FCHECK in flate stream: 120, 239"
Warning: Invalid stream: "FormatError: Bad FCHECK in flate stream: 120, 239"
Warning: Invalid stream: "FormatError: Bad FCHECK in flate stream: 120, 239"
Warning: Invalid stream: "FormatError: Bad FCHECK in flate stream: 120, 239"
Warning: Invalid stream: "FormatError: Bad FCHECK in flate stream: 120, 239"
Warning: Invalid stream: "FormatError: Bad FCHECK in flate stream: 120, 239"
Warning: Invalid stream: "FormatError: Bad FCHECK in flate stream: 120, 239"
Warning: Invalid stream: "FormatError: Bad FCHECK in flate stream: 120, 239"
Warning: Invalid stream: "FormatError: Bad FCHECK in flate stream: 120, 239"
Warning: Invalid stream: "FormatError: Bad FCHECK in flate stream: 120, 239"
Warning: Invalid stream: "FormatError: Bad FCHECK in flate stream: 120, 239"
Warning: Invalid stream: "FormatError: Bad FCHECK in flate stream: 120, 239"
Warning: Invalid stream: "FormatError: Bad FCHECK in flate stream: 120, 239"
Warning: Invalid stream: "FormatError: Bad FCHECK in flate stream: 120, 239"
Warning: Invalid stream: "FormatError: Bad FCHECK in flate stream: 120, 239"
Warning: Invalid stream: "FormatError: Bad FCHECK in flate stream: 120, 239"
Warning: Invalid stream: "FormatError: Bad FCHECK in flate stream: 120, 239"
Warning: Invalid stream: "FormatError: Bad FCHECK in flate stream: 120, 239"
Warning: Invalid stream: "FormatError: Bad FCHECK in flate stream: 120, 239"
Warning: Invalid stream: "FormatError: Bad FCHECK in flate stream: 120, 239"
Warning: Invalid stream: "FormatError: Bad FCHECK in flate stream: 120, 239"
Warning: Invalid stream: "FormatError: Bad FCHECK in flate stream: 120, 239"
Warning: Invalid stream: "FormatError: Bad FCHECK in flate stream: 120, 239"
Warning: Invalid stream: "FormatError: Bad FCHECK in flate stream: 120, 239"
Warning: Invalid stream: "FormatError: Bad FCHECK in flate stream: 120, 239"
Warning: Invalid stream: "FormatError: Bad FCHECK in flate stream: 120, 239"
Warning: Invalid stream: "FormatError: Bad FCHECK in flate stream: 120, 239"
Warning: Invalid stream: "FormatError: Bad FCHECK in flate stream: 120, 239"
Warning: Invalid stream: "FormatError: Bad FCHECK in flate stream: 120, 239"
Warning: Invalid stream: "FormatError: Bad FCHECK in flate stream: 120, 239"
Warning: Invalid stream: "FormatError: Bad FCHECK in flate stream: 120, 239"
Warning: Invalid stream: "FormatError: Bad FCHECK in flate stream: 120, 239"
Warning: Invalid stream: "FormatError: Bad FCHECK in flate stream: 120, 239"
Warning: Invalid stream: "FormatError: Bad FCHECK in flate stream: 120, 239"
Warning: Invalid stream: "FormatError: Bad FCHECK in flate stream: 120, 239"
Warning: Invalid stream: "FormatError: Bad FCHECK in flate stream: 120, 239"
Warning: Invalid stream: "FormatError: Bad FCHECK in flate stream: 120, 239"
Warning: Invalid stream: "FormatError: Bad FCHECK in flate stream: 120, 239"
Warning: Invalid stream: "FormatError: Bad FCHECK in flate stream: 120, 239"
Warning: Invalid stream: "FormatError: Bad FCHECK in flate stream: 120, 239"
Warning: Invalid stream: "FormatError: Bad FCHECK in flate stream: 120, 239"
Warning: Invalid stream: "FormatError: Bad FCHECK in flate stream: 120, 239"
Warning: Invalid stream: "FormatError: Bad FCHECK in flate stream: 120, 239"
Warning: Invalid stream: "FormatError: Bad FCHECK in flate stream: 120, 239"
Warning: Invalid stream: "FormatError: Bad FCHECK in flate stream: 120, 239"
Warning: Invalid stream: "FormatError: Bad FCHECK in flate stream: 120, 239"
Warning: Invalid stream: "FormatError: Bad FCHECK in flate stream: 120, 239"
Warning: Invalid stream: "FormatError: Bad FCHECK in flate stream: 120, 239"
Warning: Invalid stream: "FormatError: Bad FCHECK in flate stream: 120, 239"
Warning: Invalid stream: "FormatError: Bad FCHECK in flate stream: 120, 239"
Warning: Invalid stream: "FormatError: Bad FCHECK in flate stream: 120, 239"
Warning: Invalid stream: "FormatError: Bad FCHECK in flate stream: 120, 239"
Warning: Invalid stream: "FormatError: Bad FCHECK in flate stream: 120, 239"
Warning: Invalid stream: "FormatError: Bad FCHECK in flate stream: 120, 239"
Warning: Invalid stream: "FormatError: Bad FCHECK in flate stream: 120, 239"
Warning: Invalid stream: "FormatError: Bad FCHECK in flate stream: 120, 239"
Warning: Invalid stream: "FormatError: Bad FCHECK in flate stream: 120, 239"
Warning: Invalid stream: "FormatError: Bad FCHECK in flate stream: 120, 239"
Warning: Invalid stream: "FormatError: Bad FCHECK in flate stream: 120, 239"
Warning: Invalid stream: "FormatError: Bad FCHECK in flate stream: 120, 239"
Warning: Invalid stream: "FormatError: Bad FCHECK in flate stream: 120, 239"
Warning: Invalid stream: "FormatError: Bad FCHECK in flate stream: 120, 239"
Warning: Invalid stream: "FormatError: Bad FCHECK in flate stream: 120, 239"
Warning: Invalid stream: "FormatError: Bad FCHECK in flate stream: 120, 239"
Warning: Invalid stream: "FormatError: Bad FCHECK in flate stream: 120, 239"
Warning: Invalid stream: "FormatError: Bad FCHECK in flate stream: 120, 239"
Warning: Invalid stream: "FormatError: Bad FCHECK in flate stream: 120, 239"
Warning: Invalid stream: "FormatError: Bad FCHECK in flate stream: 120, 239"
Warning: Invalid stream: "FormatError: Bad FCHECK in flate stream: 120, 239"
Warning: Invalid stream: "FormatError: Bad FCHECK in flate stream: 120, 239"
Warning: Invalid stream: "FormatError: Bad FCHECK in flate stream: 120, 239"
Warning: Invalid stream: "FormatError: Bad FCHECK in flate stream: 120, 239"
Warning: Invalid stream: "FormatError: Bad FCHECK in flate stream: 120, 239"
Warning: Invalid stream: "FormatError: Bad FCHECK in flate stream: 120, 239"
Warning: Invalid stream: "FormatError: Bad FCHECK in flate stream: 120, 239"
Warning: Invalid stream: "FormatError: Bad FCHECK in flate stream: 120, 239"
Warning: Invalid stream: "FormatError: Bad FCHECK in flate stream: 120, 239"
Warning: Invalid stream: "FormatError: Bad FCHECK in flate stream: 120, 239"
Warning: Invalid stream: "FormatError: Bad FCHECK in flate stream: 120, 239"
Warning: Invalid stream: "FormatError: Bad FCHECK in flate stream: 120, 239"
Warning: Invalid stream: "FormatError: Bad FCHECK in flate stream: 120, 239"
Warning: Invalid stream: "FormatError: Bad FCHECK in flate stream: 120, 239"
Warning: Invalid stream: "FormatError: Bad FCHECK in flate stream: 120, 239"
Warning: Invalid stream: "FormatError: Bad FCHECK in flate stream: 120, 239"
Warning: Invalid stream: "FormatError: Bad FCHECK in flate stream: 120, 239"
Warning: Invalid stream: "FormatError: Bad FCHECK in flate stream: 120, 239"
Warning: Invalid stream: "FormatError: Bad FCHECK in flate stream: 120, 239"
Warning: Invalid stream: "FormatError: Bad FCHECK in flate stream: 120, 239"
Warning: Invalid stream: "FormatError: Bad FCHECK in flate stream: 120, 239"
Warning: Invalid stream: "FormatError: Bad FCHECK in flate stream: 120, 239"
Warning: Invalid stream: "FormatError: Bad FCHECK in flate stream: 120, 239"
Warning: Invalid stream: "FormatError: Bad FCHECK in flate stream: 120, 239"
Warning: Invalid stream: "FormatError: Bad FCHECK in flate stream: 120, 239"
Warning: Invalid stream: "FormatError: Bad FCHECK in flate stream: 120, 239"
Warning: Invalid stream: "FormatError: Bad FCHECK in flate stream: 120, 239"
Warning: Invalid stream: "FormatError: Bad FCHECK in flate stream: 120, 239"
Warning: Invalid stream: "FormatError: Bad FCHECK in flate stream: 120, 239"
Warning: Invalid stream: "FormatError: Bad FCHECK in flate stream: 120, 239"
Warning: Invalid stream: "FormatError: Bad FCHECK in flate stream: 120, 239"
Warning: Invalid stream: "FormatError: Bad FCHECK in flate stream: 120, 239"
Warning: Invalid stream: "FormatError: Bad FCHECK in flate stream: 120, 239"
Warning: Invalid stream: "FormatError: Bad FCHECK in flate stream: 120, 239"
Warning: Invalid stream: "FormatError: Bad FCHECK in flate stream: 120, 239"
Warning: Invalid stream: "FormatError: Bad FCHECK in flate stream: 120, 239"
Warning: Invalid stream: "FormatError: Bad FCHECK in flate stream: 120, 239"
Warning: Invalid stream: "FormatError: Bad FCHECK in flate stream: 120, 239"
Warning: Invalid stream: "FormatError: Bad FCHECK in flate stream: 120, 239"
Warning: Invalid stream: "FormatError: Bad FCHECK in flate stream: 120, 239"
Warning: Invalid stream: "FormatError: Bad FCHECK in flate stream: 120, 239"
Warning: Invalid stream: "FormatError: Bad FCHECK in flate stream: 120, 239"
Warning: Invalid stream: "FormatError: Bad FCHECK in flate stream: 120, 239"
Warning: Invalid stream: "FormatError: Bad FCHECK in flate stream: 120, 239"
Warning: Invalid stream: "FormatError: Bad FCHECK in flate stream: 120, 239"
Warning: Invalid stream: "FormatError: Bad FCHECK in flate stream: 120, 239"
Warning: Invalid stream: "FormatError: Bad FCHECK in flate stream: 120, 239"
Warning: Invalid stream: "FormatError: Bad FCHECK in flate stream: 120, 239"
Warning: Invalid stream: "FormatError: Bad FCHECK in flate stream: 120, 239"
Warning: Invalid stream: "FormatError: Bad FCHECK in flate stream: 120, 239"
Warning: Invalid stream: "FormatError: Bad FCHECK in flate stream: 120, 239"
Warning: Invalid stream: "FormatError: Bad FCHECK in flate stream: 120, 239"
Warning: Invalid stream: "FormatError: Bad FCHECK in flate stream: 120, 239"
Warning: Invalid stream: "FormatError: Bad FCHECK in flate stream: 120, 239"
Warning: Invalid stream: "FormatError: Bad FCHECK in flate stream: 120, 239"
Warning: Invalid stream: "FormatError: Bad FCHECK in flate stream: 120, 239"
Warning: Invalid stream: "FormatError: Bad FCHECK in flate stream: 120, 239"
Warning: Invalid stream: "FormatError: Bad FCHECK in flate stream: 120, 239"
Warning: Invalid stream: "FormatError: Bad FCHECK in flate stream: 120, 239"
Warning: Invalid stream: "FormatError: Bad FCHECK in flate stream: 120, 239"
Warning: Invalid stream: "FormatError: Bad FCHECK in flate stream: 120, 239"
Warning: Invalid stream: "FormatError: Bad FCHECK in flate stream: 120, 239"
Warning: Invalid stream: "FormatError: Bad FCHECK in flate stream: 120, 239"
Warning: Invalid stream: "FormatError: Bad FCHECK in flate stream: 120, 239"
Warning: Invalid stream: "FormatError: Bad FCHECK in flate stream: 120, 239"
Warning: Invalid stream: "FormatError: Bad FCHECK in flate stream: 120, 239"
Warning: Invalid stream: "FormatError: Bad FCHECK in flate stream: 120, 239"
Warning: Invalid stream: "FormatError: Bad FCHECK in flate stream: 120, 239"
Warning: Invalid stream: "FormatError: Bad FCHECK in flate stream: 120, 239"
Warning: Invalid stream: "FormatError: Bad FCHECK in flate stream: 120, 239"
Warning: Invalid stream: "FormatError: Bad FCHECK in flate stream: 120, 239"
Warning: Invalid stream: "FormatError: Bad FCHECK in flate stream: 120, 239"
Warning: Invalid stream: "FormatError: Bad FCHECK in flate stream: 120, 239"
Warning: Invalid stream: "FormatError: Bad FCHECK in flate stream: 120, 239"
Warning: Invalid stream: "FormatError: Bad FCHECK in flate stream: 120, 239"
Warning: Invalid stream: "FormatError: Bad FCHECK in flate stream: 120, 239"
Warning: Invalid stream: "FormatError: Bad FCHECK in flate stream: 120, 239"
Warning: Invalid stream: "FormatError: Bad FCHECK in flate stream: 120, 239"
Warning: Invalid stream: "FormatError: Bad FCHECK in flate stream: 120, 239"
Warning: Invalid stream: "FormatError: Bad FCHECK in flate stream: 120, 239"
Warning: Invalid stream: "FormatError: Bad FCHECK in flate stream: 120, 239"
Warning: Invalid stream: "FormatError: Bad FCHECK in flate stream: 120, 239"
Warning: Invalid stream: "FormatError: Bad FCHECK in flate stream: 120, 239"
Warning: Invalid stream: "FormatError: Bad FCHECK in flate stream: 120, 239"
Warning: Invalid stream: "FormatError: Bad FCHECK in flate stream: 120, 239"
Warning: Invalid stream: "FormatError: Bad FCHECK in flate stream: 120, 239"
Warning: Invalid stream: "FormatError: Bad FCHECK in flate stream: 120, 239"
Warning: Invalid stream: "FormatError: Bad FCHECK in flate stream: 120, 239"
Warning: Invalid stream: "FormatError: Bad FCHECK in flate stream: 120, 239"
Warning: Invalid stream: "FormatError: Bad FCHECK in flate stream: 120, 239"
Warning: Invalid stream: "FormatError: Bad FCHECK in flate stream: 120, 239"
Warning: Invalid stream: "FormatError: Bad FCHECK in flate stream: 120, 239"
Warning: Invalid stream: "FormatError: Bad FCHECK in flate stream: 120, 239"
Warning: Invalid stream: "FormatError: Bad FCHECK in flate stream: 120, 239"
Warning: Invalid stream: "FormatError: Bad FCHECK in flate stream: 120, 239"
Warning: Invalid stream: "FormatError: Bad FCHECK in flate stream: 120, 239"
Warning: Invalid stream: "FormatError: Bad FCHECK in flate stream: 120, 239"
Warning: Invalid stream: "FormatError: Bad FCHECK in flate stream: 120, 239"
Warning: Invalid stream: "FormatError: Bad FCHECK in flate stream: 120, 239"
Warning: Invalid stream: "FormatError: Bad FCHECK in flate stream: 120, 239"
Warning: Invalid stream: "FormatError: Bad FCHECK in flate stream: 120, 239"
Warning: Invalid stream: "FormatError: Bad FCHECK in flate stream: 120, 239"
Warning: Invalid stream: "FormatError: Bad FCHECK in flate stream: 120, 239"
Warning: Invalid stream: "FormatError: Bad FCHECK in flate stream: 120, 239"
Warning: Invalid stream: "FormatError: Bad FCHECK in flate stream: 120, 239"
Warning: Invalid stream: "FormatError: Bad FCHECK in flate stream: 120, 239"
Warning: Invalid stream: "FormatError: Bad FCHECK in flate stream: 120, 239"
Warning: Invalid stream: "FormatError: Bad FCHECK in flate stream: 120, 239"
Warning: Invalid stream: "FormatError: Bad FCHECK in flate stream: 120, 239"
Warning: Invalid stream: "FormatError: Bad FCHECK in flate stream: 120, 239"
Warning: Invalid stream: "FormatError: Bad FCHECK in flate stream: 120, 239"
Warning: Invalid stream: "FormatError: Bad FCHECK in flate stream: 120, 239"
Warning: Invalid stream: "FormatError: Bad FCHECK in flate stream: 120, 239"
Warning: Invalid stream: "FormatError: Bad FCHECK in flate stream: 120, 239"
Warning: Invalid stream: "FormatError: Bad FCHECK in flate stream: 120, 239"
Warning: Invalid stream: "FormatError: Bad FCHECK in flate stream: 120, 239"
Warning: Invalid stream: "FormatError: Bad FCHECK in flate stream: 120, 239"
Warning: Invalid stream: "FormatError: Bad FCHECK in flate stream: 120, 239"
Warning: Invalid stream: "FormatError: Bad FCHECK in flate stream: 120, 239"
Warning: Invalid stream: "FormatError: Bad FCHECK in flate stream: 120, 239"
Warning: Invalid stream: "FormatError: Bad FCHECK in flate stream: 120, 239"
Warning: Invalid stream: "FormatError: Bad FCHECK in flate stream: 120, 239"
Warning: Invalid stream: "FormatError: Bad FCHECK in flate stream: 120, 239"
Warning: Invalid stream: "FormatError: Bad FCHECK in flate stream: 120, 239"
Warning: Invalid stream: "FormatError: Bad FCHECK in flate stream: 120, 239"
Warning: Invalid stream: "FormatError: Bad FCHECK in flate stream: 120, 239"
Warning: Invalid stream: "FormatError: Bad FCHECK in flate stream: 120, 239"
Warning: Invalid stream: "FormatError: Bad FCHECK in flate stream: 120, 239"
Warning: Invalid stream: "FormatError: Bad FCHECK in flate stream: 120, 239"
Warning: Invalid stream: "FormatError: Bad FCHECK in flate stream: 120, 239"
Warning: Invalid stream: "FormatError: Bad FCHECK in flate stream: 120, 239"
Warning: Invalid stream: "FormatError: Bad FCHECK in flate stream: 120, 239"
Warning: Invalid stream: "FormatError: Bad FCHECK in flate stream: 120, 239"
Warning: Invalid stream: "FormatError: Bad FCHECK in flate stream: 120, 239"
Warning: Invalid stream: "FormatError: Bad FCHECK in flate stream: 120, 239"
Warning: Invalid stream: "FormatError: Bad FCHECK in flate stream: 120, 239"
Warning: Invalid stream: "FormatError: Bad FCHECK in flate stream: 120, 239"
Warning: Invalid stream: "FormatError: Bad FCHECK in flate stream: 120, 239"
Warning: Invalid stream: "FormatError: Bad FCHECK in flate stream: 120, 239"
Warning: Invalid stream: "FormatError: Bad FCHECK in flate stream: 120, 239"
Warning: Invalid stream: "FormatError: Bad FCHECK in flate stream: 120, 239"
Warning: Invalid stream: "FormatError: Bad FCHECK in flate stream: 120, 239"
Warning: Invalid stream: "FormatError: Bad FCHECK in flate stream: 120, 239"
Warning: Invalid stream: "FormatError: Bad FCHECK in flate stream: 120, 239"
Warning: Invalid stream: "FormatError: Bad FCHECK in flate stream: 120, 239"
Warning: Invalid stream: "FormatError: Bad FCHECK in flate stream: 120, 239"
Warning: Invalid stream: "FormatError: Bad FCHECK in flate stream: 120, 239"
Warning: Invalid stream: "FormatError: Bad FCHECK in flate stream: 120, 239"
Warning: Invalid stream: "FormatError: Bad FCHECK in flate stream: 120, 239"
Warning: Invalid stream: "FormatError: Bad FCHECK in flate stream: 120, 239"
Warning: Invalid stream: "FormatError: Bad FCHECK in flate stream: 120, 239"
Warning: Invalid stream: "FormatError: Bad FCHECK in flate stream: 120, 239"
Warning: Invalid stream: "FormatError: Bad FCHECK in flate stream: 120, 239"
Warning: Invalid stream: "FormatError: Bad FCHECK in flate stream: 120, 239"
Warning: Invalid stream: "FormatError: Bad FCHECK in flate stream: 120, 239"
Warning: Invalid stream: "FormatError: Bad FCHECK in flate stream: 120, 239"
Warning: Invalid stream: "FormatError: Bad FCHECK in flate stream: 120, 239"
Warning: Invalid stream: "FormatError: Bad FCHECK in flate stream: 120, 239"
Warning: Invalid stream: "FormatError: Bad FCHECK in flate stream: 120, 239"
Warning: Invalid stream: "FormatError: Bad FCHECK in flate stream: 120, 239"
Warning: Invalid stream: "FormatError: Bad FCHECK in flate stream: 120, 239"
Warning: Invalid stream: "FormatError: Bad FCHECK in flate stream: 120, 239"
Warning: Invalid stream: "FormatError: Bad FCHECK in flate stream: 120, 239"
Warning: Invalid stream: "FormatError: Bad FCHECK in flate stream: 120, 239"
Warning: Invalid stream: "FormatError: Bad FCHECK in flate stream: 120, 239"
Warning: Invalid stream: "FormatError: Bad FCHECK in flate stream: 120, 239"
Warning: Invalid stream: "FormatError: Bad FCHECK in flate stream: 120, 239"
Warning: Invalid stream: "FormatError: Bad FCHECK in flate stream: 120, 239"
Warning: Invalid stream: "FormatError: Bad FCHECK in flate stream: 120, 239"
Warning: Invalid stream: "FormatError: Bad FCHECK in flate stream: 120, 239"
Warning: Invalid stream: "FormatError: Bad FCHECK in flate stream: 120, 239"
Warning: Invalid stream: "FormatError: Bad FCHECK in flate stream: 120, 239"
Warning: Invalid stream: "FormatError: Bad FCHECK in flate stream: 120, 239"
Warning: Invalid stream: "FormatError: Bad FCHECK in flate stream: 120, 239"
Warning: Invalid stream: "FormatError: Bad FCHECK in flate stream: 120, 239"
Warning: Invalid stream: "FormatError: Bad FCHECK in flate stream: 120, 239"
Warning: Invalid stream: "FormatError: Bad FCHECK in flate stream: 120, 239"
Warning: Invalid stream: "FormatError: Bad FCHECK in flate stream: 120, 239"
Warning: Invalid stream: "FormatError: Bad FCHECK in flate stream: 120, 239"
Warning: Invalid stream: "FormatError: Bad FCHECK in flate stream: 120, 239"
Warning: Invalid stream: "FormatError: Bad FCHECK in flate stream: 120, 239"
Warning: Invalid stream: "FormatError: Bad FCHECK in flate stream: 120, 239"
Warning: Invalid stream: "FormatError: Bad FCHECK in flate stream: 120, 239"
Warning: Invalid stream: "FormatError: Bad FCHECK in flate stream: 120, 239"
Warning: Invalid stream: "FormatError: Bad FCHECK in flate stream: 120, 239"
Warning: Invalid stream: "FormatError: Bad FCHECK in flate stream: 120, 239"
Warning: Invalid stream: "FormatError: Bad FCHECK in flate stream: 120, 239"
Warning: Invalid stream: "FormatError: Bad FCHECK in flate stream: 120, 239"
Warning: Invalid stream: "FormatError: Bad FCHECK in flate stream: 120, 239"
Warning: Invalid stream: "FormatError: Bad FCHECK in flate stream: 120, 239"
Warning: Invalid stream: "FormatError: Bad FCHECK in flate stream: 120, 239"
Warning: Invalid stream: "FormatError: Bad FCHECK in flate stream: 120, 239"
Warning: Invalid stream: "FormatError: Bad FCHECK in flate stream: 120, 239"
Warning: Invalid stream: "FormatError: Bad FCHECK in flate stream: 120, 239"
Warning: Invalid stream: "FormatError: Bad FCHECK in flate stream: 120, 239"
Warning: Invalid stream: "FormatError: Bad FCHECK in flate stream: 120, 239"
Warning: Invalid stream: "FormatError: Bad FCHECK in flate stream: 120, 239"
Warning: Invalid stream: "FormatError: Bad FCHECK in flate stream: 120, 239"
Warning: Invalid stream: "FormatError: Bad FCHECK in flate stream: 120, 239"
Warning: Invalid stream: "FormatError: Bad FCHECK in flate stream: 120, 239"
Warning: Invalid stream: "FormatError: Bad FCHECK in flate stream: 120, 239"
Warning: Invalid stream: "FormatError: Bad FCHECK in flate stream: 120, 239"
Warning: Invalid stream: "FormatError: Bad FCHECK in flate stream: 120, 239"
Warning: Invalid stream: "FormatError: Bad FCHECK in flate stream: 120, 239"
Warning: Invalid stream: "FormatError: Bad FCHECK in flate stream: 120, 239"
Warning: Invalid stream: "FormatError: Bad FCHECK in flate stream: 120, 239"
Warning: Invalid stream: "FormatError: Bad FCHECK in flate stream: 120, 239"
Warning: Invalid stream: "FormatError: Bad FCHECK in flate stream: 120, 239"
Warning: Invalid stream: "FormatError: Bad FCHECK in flate stream: 120, 239"
Warning: Invalid stream: "FormatError: Bad FCHECK in flate stream: 120, 239"
Warning: Invalid stream: "FormatError: Bad FCHECK in flate stream: 120, 239"
Warning: Invalid stream: "FormatError: Bad FCHECK in flate stream: 120, 239"
Warning: Invalid stream: "FormatError: Bad FCHECK in flate stream: 120, 239"
Warning: Invalid stream: "FormatError: Bad FCHECK in flate stream: 120, 239"
Warning: Invalid stream: "FormatError: Bad FCHECK in flate stream: 120, 239"
Warning: Invalid stream: "FormatError: Bad FCHECK in flate stream: 120, 239"
Warning: Invalid stream: "FormatError: Bad FCHECK in flate stream: 120, 239"
Warning: Invalid stream: "FormatError: Bad FCHECK in flate stream: 120, 239"
Warning: Invalid stream: "FormatError: Bad FCHECK in flate stream: 120, 239"
Warning: Invalid stream: "FormatError: Bad FCHECK in flate stream: 120, 239"
Warning: Invalid stream: "FormatError: Bad FCHECK in flate stream: 120, 239"
Warning: Invalid stream: "FormatError: Bad FCHECK in flate stream: 120, 239"
Warning: Invalid stream: "FormatError: Bad FCHECK in flate stream: 120, 239"
Warning: Invalid stream: "FormatError: Bad FCHECK in flate stream: 120, 239"
Warning: Invalid stream: "FormatError: Bad FCHECK in flate stream: 120, 239"
Warning: Invalid stream: "FormatError: Bad FCHECK in flate stream: 120, 239"
Warning: Invalid stream: "FormatError: Bad FCHECK in flate stream: 120, 239"
Warning: Invalid stream: "FormatError: Bad FCHECK in flate stream: 120, 239"
Warning: Invalid stream: "FormatError: Bad FCHECK in flate stream: 120, 239"
Warning: Invalid stream: "FormatError: Bad FCHECK in flate stream: 120, 239"
Warning: Invalid stream: "FormatError: Bad FCHECK in flate stream: 120, 239"
Warning: Invalid stream: "FormatError: Bad FCHECK in flate stream: 120, 239"
Warning: Invalid stream: "FormatError: Bad FCHECK in flate stream: 120, 239"
Warning: Invalid stream: "FormatError: Bad FCHECK in flate stream: 120, 239"
Warning: Invalid stream: "FormatError: Bad FCHECK in flate stream: 120, 239"
Warning: Invalid stream: "FormatError: Bad FCHECK in flate stream: 120, 239"
Warning: Invalid stream: "FormatError: Bad FCHECK in flate stream: 120, 239"
Warning: Invalid stream: "FormatError: Bad FCHECK in flate stream: 120, 239"
Warning: Invalid stream: "FormatError: Bad FCHECK in flate stream: 120, 239"
Warning: Invalid stream: "FormatError: Bad FCHECK in flate stream: 120, 239"
Warning: Invalid stream: "FormatError: Bad FCHECK in flate stream: 120, 239"
Warning: Invalid stream: "FormatError: Bad FCHECK in flate stream: 120, 239"
Warning: Invalid stream: "FormatError: Bad FCHECK in flate stream: 120, 239"
Warning: Invalid stream: "FormatError: Bad FCHECK in flate stream: 120, 239"
Warning: Invalid stream: "FormatError: Bad FCHECK in flate stream: 120, 239"
Warning: Invalid stream: "FormatError: Bad FCHECK in flate stream: 120, 239"
Warning: Invalid stream: "FormatError: Bad FCHECK in flate stream: 120, 239"
Warning: Invalid stream: "FormatError: Bad FCHECK in flate stream: 120, 239"
Warning: Invalid stream: "FormatError: Bad FCHECK in flate stream: 120, 239"
Warning: Invalid stream: "FormatError: Bad FCHECK in flate stream: 120, 239"
Warning: Invalid stream: "FormatError: Bad FCHECK in flate stream: 120, 239"
Warning: Invalid stream: "FormatError: Bad FCHECK in flate stream: 120, 239"
Warning: Invalid stream: "FormatError: Bad FCHECK in flate stream: 120, 239"
Warning: Invalid stream: "FormatError: Bad FCHECK in flate stream: 120, 239"
Warning: Invalid stream: "FormatError: Bad FCHECK in flate stream: 120, 239"
Warning: Invalid stream: "FormatError: Bad FCHECK in flate stream: 120, 239"
Warning: Invalid stream: "FormatError: Bad FCHECK in flate stream: 120, 239"
Warning: Invalid stream: "FormatError: Bad FCHECK in flate stream: 120, 239"
Warning: Invalid stream: "FormatError: Bad FCHECK in flate stream: 120, 239"
Warning: Invalid stream: "FormatError: Bad FCHECK in flate stream: 120, 239"
Warning: Invalid stream: "FormatError: Bad FCHECK in flate stream: 120, 239"
Warning: Invalid stream: "FormatError: Bad FCHECK in flate stream: 120, 239"
Warning: Invalid stream: "FormatError: Bad FCHECK in flate stream: 120, 239"
Warning: Invalid stream: "FormatError: Bad FCHECK in flate stream: 120, 239"
Warning: Invalid stream: "FormatError: Bad FCHECK in flate stream: 120, 239"
Warning: Invalid stream: "FormatError: Bad FCHECK in flate stream: 120, 239"
Warning: Invalid stream: "FormatError: Bad FCHECK in flate stream: 120, 239"
Warning: Invalid stream: "FormatError: Bad FCHECK in flate stream: 120, 239"
Warning: Invalid stream: "FormatError: Bad FCHECK in flate stream: 120, 239"
Warning: Invalid stream: "FormatError: Bad FCHECK in flate stream: 120, 239"
Warning: Invalid stream: "FormatError: Bad FCHECK in flate stream: 120, 239"
Warning: Invalid stream: "FormatError: Bad FCHECK in flate stream: 120, 239"
Warning: Invalid stream: "FormatError: Bad FCHECK in flate stream: 120, 239"
Warning: Invalid stream: "FormatError: Bad FCHECK in flate stream: 120, 239"
Warning: Invalid stream: "FormatError: Bad FCHECK in flate stream: 120, 239"
Warning: Invalid stream: "FormatError: Bad FCHECK in flate stream: 120, 239"
Warning: Invalid stream: "FormatError: Bad FCHECK in flate stream: 120, 239"
Warning: Invalid stream: "FormatError: Bad FCHECK in flate stream: 120, 239"
Warning: Invalid stream: "FormatError: Bad FCHECK in flate stream: 120, 239"
Warning: Invalid stream: "FormatError: Bad FCHECK in flate stream: 120, 239"
Warning: Invalid stream: "FormatError: Bad FCHECK in flate stream: 120, 239"
Warning: Invalid stream: "FormatError: Bad FCHECK in flate stream: 120, 239"
Warning: Invalid stream: "FormatError: Bad FCHECK in flate stream: 120, 239"
Warning: Invalid stream: "FormatError: Bad FCHECK in flate stream: 120, 239"
Warning: Invalid stream: "FormatError: Bad FCHECK in flate stream: 120, 239"
Warning: Invalid stream: "FormatError: Bad FCHECK in flate stream: 120, 239"
Warning: Invalid stream: "FormatError: Bad FCHECK in flate stream: 120, 239"
Warning: Invalid stream: "FormatError: Bad FCHECK in flate stream: 120, 239"
Warning: Invalid stream: "FormatError: Bad FCHECK in flate stream: 120, 239"
Warning: Invalid stream: "FormatError: Bad FCHECK in flate stream: 120, 239"
Warning: Invalid stream: "FormatError: Bad FCHECK in flate stream: 120, 239"
Warning: Invalid stream: "FormatError: Bad FCHECK in flate stream: 120, 239"
Warning: Invalid stream: "FormatError: Bad FCHECK in flate stream: 120, 239"
Warning: Invalid stream: "FormatError: Bad FCHECK in flate stream: 120, 239"
Warning: Invalid stream: "FormatError: Bad FCHECK in flate stream: 120, 239"
Warning: Invalid stream: "FormatError: Bad FCHECK in flate stream: 120, 239"
Warning: Invalid stream: "FormatError: Bad FCHECK in flate stream: 120, 239"
Warning: Invalid stream: "FormatError: Bad FCHECK in flate stream: 120, 239"
Warning: Invalid stream: "FormatError: Bad FCHECK in flate stream: 120, 239"
Warning: Invalid stream: "FormatError: Bad FCHECK in flate stream: 120, 239"
Warning: Invalid stream: "FormatError: Bad FCHECK in flate stream: 120, 239"
Warning: Invalid stream: "FormatError: Bad FCHECK in flate stream: 120, 239"
Warning: Invalid stream: "FormatError: Bad FCHECK in flate stream: 120, 239"
Warning: Invalid stream: "FormatError: Bad FCHECK in flate stream: 120, 239"
Warning: Invalid stream: "FormatError: Bad FCHECK in flate stream: 120, 239"
Warning: Invalid stream: "FormatError: Bad FCHECK in flate stream: 120, 239"
Warning: Invalid stream: "FormatError: Bad FCHECK in flate stream: 120, 239"
Warning: Invalid stream: "FormatError: Bad FCHECK in flate stream: 120, 239"
Warning: Invalid stream: "FormatError: Bad FCHECK in flate stream: 120, 239"
Warning: Invalid stream: "FormatError: Bad FCHECK in flate stream: 120, 239"
Warning: Invalid stream: "FormatError: Bad FCHECK in flate stream: 120, 239"
Warning: Invalid stream: "FormatError: Bad FCHECK in flate stream: 120, 239"
Warning: Invalid stream: "FormatError: Bad FCHECK in flate stream: 120, 239"
Warning: Invalid stream: "FormatError: Bad FCHECK in flate stream: 120, 239"
Warning: Invalid stream: "FormatError: Bad FCHECK in flate stream: 120, 239"
Warning: Invalid stream: "FormatError: Bad FCHECK in flate stream: 120, 239"
Warning: Invalid stream: "FormatError: Bad FCHECK in flate stream: 120, 239"
Warning: Invalid stream: "FormatError: Bad FCHECK in flate stream: 120, 239"
Warning: Invalid stream: "FormatError: Bad FCHECK in flate stream: 120, 239"
Warning: Invalid stream: "FormatError: Bad FCHECK in flate stream: 120, 239"
Warning: Invalid stream: "FormatError: Bad FCHECK in flate stream: 120, 239"
Warning: Invalid stream: "FormatError: Bad FCHECK in flate stream: 120, 239"
Warning: Invalid stream: "FormatError: Bad FCHECK in flate stream: 120, 239"
Warning: Invalid stream: "FormatError: Bad FCHECK in flate stream: 120, 239"
Warning: Invalid stream: "FormatError: Bad FCHECK in flate stream: 120, 239"
Warning: Invalid stream: "FormatError: Bad FCHECK in flate stream: 120, 239"
Warning: Invalid stream: "FormatError: Bad FCHECK in flate stream: 120, 239"
Warning: Invalid stream: "FormatError: Bad FCHECK in flate stream: 120, 239"
Warning: Invalid stream: "FormatError: Bad FCHECK in flate stream: 120, 239"
Warning: Invalid stream: "FormatError: Bad FCHECK in flate stream: 120, 239"
Warning: Invalid stream: "FormatError: Bad FCHECK in flate stream: 120, 239"
Warning: Invalid stream: "FormatError: Bad FCHECK in flate stream: 120, 239"
Warning: Invalid stream: "FormatError: Bad FCHECK in flate stream: 120, 239"
Warning: Invalid stream: "FormatError: Bad FCHECK in flate stream: 120, 239"
Warning: Invalid stream: "FormatError: Bad FCHECK in flate stream: 120, 239"
Warning: Invalid stream: "FormatError: Bad FCHECK in flate stream: 120, 239"
Warning: Invalid stream: "FormatError: Bad FCHECK in flate stream: 120, 239"
Warning: Invalid stream: "FormatError: Bad FCHECK in flate stream: 120, 239"
Warning: Invalid stream: "FormatError: Bad FCHECK in flate stream: 120, 239"
Warning: Invalid stream: "FormatError: Bad FCHECK in flate stream: 120, 239"
Warning: Invalid stream: "FormatError: Bad FCHECK in flate stream: 120, 239"
Warning: Invalid stream: "FormatError: Bad FCHECK in flate stream: 120, 239"
Warning: Invalid stream: "FormatError: Bad FCHECK in flate stream: 120, 239"
Warning: Invalid stream: "FormatError: Bad FCHECK in flate stream: 120, 239"
Warning: Invalid stream: "FormatError: Bad FCHECK in flate stream: 120, 239"
Warning: Invalid stream: "FormatError: Bad FCHECK in flate stream: 120, 239"
Warning: Invalid stream: "FormatError: Bad FCHECK in flate stream: 120, 239"
Warning: Invalid stream: "FormatError: Bad FCHECK in flate stream: 120, 239"
Warning: Invalid stream: "FormatError: Bad FCHECK in flate stream: 120, 239"
Warning: Invalid stream: "FormatError: Bad FCHECK in flate stream: 120, 239"
Warning: Invalid stream: "FormatError: Bad FCHECK in flate stream: 120, 239"
Warning: Invalid stream: "FormatError: Bad FCHECK in flate stream: 120, 239"
Warning: Invalid stream: "FormatError: Bad FCHECK in flate stream: 120, 239"
Warning: Invalid stream: "FormatError: Bad FCHECK in flate stream: 120, 239"
Warning: Invalid stream: "FormatError: Bad FCHECK in flate stream: 120, 239"
Warning: Invalid stream: "FormatError: Bad FCHECK in flate stream: 120, 239"
Warning: Invalid stream: "FormatError: Bad FCHECK in flate stream: 120, 239"
Warning: Invalid stream: "FormatError: Bad FCHECK in flate stream: 120, 239"
Warning: Invalid stream: "FormatError: Bad FCHECK in flate stream: 120, 239"
Warning: Invalid stream: "FormatError: Bad FCHECK in flate stream: 120, 239"
Warning: Invalid stream: "FormatError: Bad FCHECK in flate stream: 120, 239"
Warning: Invalid stream: "FormatError: Bad FCHECK in flate stream: 120, 239"
Warning: Invalid stream: "FormatError: Bad FCHECK in flate stream: 120, 239"
Warning: Invalid stream: "FormatError: Bad FCHECK in flate stream: 120, 239"
Warning: Invalid stream: "FormatError: Bad FCHECK in flate stream: 120, 239"
Warning: Invalid stream: "FormatError: Bad FCHECK in flate stream: 120, 239"
Warning: Invalid stream: "FormatError: Bad FCHECK in flate stream: 120, 239"
Warning: Invalid stream: "FormatError: Bad FCHECK in flate stream: 120, 239"
Warning: Invalid stream: "FormatError: Bad FCHECK in flate stream: 120, 239"
Warning: Invalid stream: "FormatError: Bad FCHECK in flate stream: 120, 239"
Warning: Invalid stream: "FormatError: Bad FCHECK in flate stream: 120, 239"
Warning: Invalid stream: "FormatError: Bad FCHECK in flate stream: 120, 239"
Warning: Invalid stream: "FormatError: Bad FCHECK in flate stream: 120, 239"
Warning: Invalid stream: "FormatError: Bad FCHECK in flate stream: 120, 239"
Warning: Invalid stream: "FormatError: Bad FCHECK in flate stream: 120, 239"
Warning: Invalid stream: "FormatError: Bad FCHECK in flate stream: 120, 239"
Warning: Invalid stream: "FormatError: Bad FCHECK in flate stream: 120, 239"
Warning: Invalid stream: "FormatError: Bad FCHECK in flate stream: 120, 239"
Warning: Invalid stream: "FormatError: Bad FCHECK in flate stream: 120, 239"
Warning: Invalid stream: "FormatError: Bad FCHECK in flate stream: 120, 239"
Warning: Invalid stream: "FormatError: Bad FCHECK in flate stream: 120, 239"
Warning: Invalid stream: "FormatError: Bad FCHECK in flate stream: 120, 239"
Warning: Invalid stream: "FormatError: Bad FCHECK in flate stream: 120, 239"
Warning: Invalid stream: "FormatError: Bad FCHECK in flate stream: 120, 239"
Warning: Invalid stream: "FormatError: Bad FCHECK in flate stream: 120, 239"
Warning: Invalid stream: "FormatError: Bad FCHECK in flate stream: 120, 239"
Warning: Invalid stream: "FormatError: Bad FCHECK in flate stream: 120, 239"
Warning: Invalid stream: "FormatError: Bad FCHECK in flate stream: 120, 239"
Warning: Invalid stream: "FormatError: Bad FCHECK in flate stream: 120, 239"
Warning: Invalid stream: "FormatError: Bad FCHECK in flate stream: 120, 239"
Warning: Invalid stream: "FormatError: Bad FCHECK in flate stream: 120, 239"
Warning: Invalid stream: "FormatError: Bad FCHECK in flate stream: 120, 239"
Warning: Invalid stream: "FormatError: Bad FCHECK in flate stream: 120, 239"
Warning: Invalid stream: "FormatError: Bad FCHECK in flate stream: 120, 239"
Warning: Ignoring invalid character "39" in hex string
Warning: Ignoring invalid character "8" in hex string
Warning: Ignoring invalid character "239" in hex string
Warning: Ignoring invalid character "191" in hex string
Warning: Ignoring invalid character "189" in hex string
Warning: Ignoring invalid character "124" in hex string
Warning: Ignoring invalid character "14" in hex string
Warning: Ignoring invalid character "18" in hex string
Warning: Ignoring invalid character "239" in hex string
Warning: Ignoring invalid character "191" in hex string
Warning: Ignoring invalid character "189" in hex string
Warning: Ignoring invalid character "239" in hex string
Warning: Ignoring invalid character "191" in hex string
Warning: Ignoring invalid character "189" in hex string
Warning: Ignoring invalid character "239" in hex string
Warning: Ignoring invalid character "191" in hex string
Warning: Ignoring invalid character "189" in hex string
Warning: Ignoring invalid character "28" in hex string
Warning: Ignoring invalid character "239" in hex string
Warning: Ignoring invalid character "191" in hex string
Warning: Ignoring invalid character "189" in hex string
Warning: Ignoring invalid character "126" in hex string
Warning: Ignoring invalid character "64" in hex string
Warning: Ignoring invalid character "239" in hex string
Warning: Ignoring invalid character "191" in hex string
Warning: Ignoring invalid character "189" in hex string
Warning: Ignoring invalid character "27" in hex string
Warning: Ignoring invalid character "17" in hex string
Warning: Ignoring invalid character "4" in hex string
Warning: Ignoring invalid character "239" in hex string
Warning: Ignoring invalid character "191" in hex string
Warning: Ignoring invalid character "189" in hex string
Warning: Ignoring invalid character "239" in hex string
Warning: Ignoring invalid character "191" in hex string
Warning: Ignoring invalid character "189" in hex string
Warning: Ignoring invalid character "33" in hex string
Warning: Ignoring invalid character "121" in hex string
Warning: Ignoring invalid character "72" in hex string
Warning: Ignoring invalid character "239" in hex string
Warning: Ignoring invalid character "191" in hex string
Warning: Ignoring invalid character "189" in hex string
Warning: Ignoring invalid character "239" in hex string
Warning: Ignoring invalid character "191" in hex string
Warning: Ignoring invalid character "189" in hex string
Warning: Ignoring invalid character "86" in hex string
Warning: Ignoring invalid character "63" in hex string
Warning: Ignoring invalid character "27" in hex string
Warning: Ignoring invalid character "239" in hex string
Warning: Ignoring invalid character "191" in hex string
Warning: Ignoring invalid character "189" in hex string
Warning: Ignoring invalid character "18" in hex string
Warning: Ignoring invalid character "5" in hex string
Warning: Ignoring invalid character "89" in hex string
Warning: Ignoring invalid character "34" in hex string
Warning: Ignoring invalid character "239" in hex string
Warning: Ignoring invalid character "191" in hex string
Warning: Ignoring invalid character "189" in hex string
Warning: Ignoring invalid character "239" in hex string
Warning: Ignoring invalid character "191" in hex string
Warning: Ignoring invalid character "189" in hex string
Warning: Ignoring invalid character "76" in hex string
Warning: Ignoring invalid character "239" in hex string
Warning: Ignoring invalid character "191" in hex string
Warning: Ignoring invalid character "189" in hex string
Warning: Ignoring invalid character "239" in hex string
Warning: Ignoring invalid character "191" in hex string
Warning: Ignoring invalid character "189" in hex string
Warning: Ignoring invalid character "6" in hex string
Warning: Ignoring invalid character "239" in hex string
Warning: Ignoring invalid character "191" in hex string
Warning: Ignoring invalid character "189" in hex string
Warning: Ignoring invalid character "94" in hex string
Warning: Ignoring invalid character "239" in hex string
Warning: Ignoring invalid character "191" in hex string
Warning: Ignoring invalid character "189" in hex string
Warning: Ignoring invalid character "1" in hex string
Warning: Ignoring invalid character "16" in hex string
Warning: Ignoring invalid character "239" in hex string
Warning: Ignoring invalid character "191" in hex string
Warning: Ignoring invalid character "189" in hex string
Warning: Ignoring invalid character "61" in hex string
Warning: Ignoring invalid character "38" in hex string
Warning: Ignoring invalid character "239" in hex string
Warning: Ignoring invalid character "191" in hex string
Warning: Ignoring invalid character "189" in hex string
Warning: Ignoring invalid character "74" in hex string
Warning: Ignoring invalid character "96" in hex string
Warning: Ignoring invalid character "239" in hex string
Warning: Ignoring invalid character "191" in hex string
Warning: Ignoring invalid character "189" in hex string
Warning: Ignoring invalid character "239" in hex string
Warning: Ignoring invalid character "191" in hex string
Warning: Ignoring invalid character "189" in hex string
Warning: Ignoring invalid character "239" in hex string
Warning: Ignoring invalid character "191" in hex string
Warning: Ignoring invalid character "189" in hex string
Warning: Ignoring invalid character "41" in hex string
Warning: Ignoring invalid character "103" in hex string
Warning: Ignoring invalid character "239" in hex string
Warning: Ignoring invalid character "191" in hex string
Warning: Ignoring invalid character "189" in hex string
Warning: Ignoring invalid character "2" in hex string
Warning: Ignoring invalid character "239" in hex string
Warning: Ignoring invalid character "191" in hex string
Warning: Ignoring invalid character "189" in hex string
Warning: Ignoring invalid character "239" in hex string
Warning: Ignoring invalid character "191" in hex string
Warning: Ignoring invalid character "189" in hex string
Warning: Ignoring invalid character "239" in hex string
Warning: Ignoring invalid character "191" in hex string
Warning: Ignoring invalid character "189" in hex string
Warning: Ignoring invalid character "239" in hex string
Warning: Ignoring invalid character "191" in hex string
Warning: Ignoring invalid character "189" in hex string
Warning: Ignoring invalid character "120" in hex string
Warning: Ignoring invalid character "14" in hex string
Warning: Invalid stream: "FormatError: Bad FCHECK in flate stream: 120, 239"
Warning: Invalid stream: "FormatError: Bad FCHECK in flate stream: 120, 239"
Warning: Invalid stream: "FormatError: Bad FCHECK in flate stream: 120, 239"
Warning: Invalid stream: "FormatError: Bad FCHECK in flate stream: 120, 239"
Warning: Invalid stream: "FormatError: Bad FCHECK in flate stream: 120, 239"
Warning: Invalid stream: "FormatError: Bad FCHECK in flate stream: 120, 239"
Warning: Invalid stream: "FormatError: Bad FCHECK in flate stream: 120, 239"
Warning: Invalid stream: "FormatError: Bad FCHECK in flate stream: 120, 239"
Warning: Invalid stream: "FormatError: Bad FCHECK in flate stream: 120, 239"
Warning: Invalid stream: "FormatError: Bad FCHECK in flate stream: 120, 239"
Warning: Invalid stream: "FormatError: Bad FCHECK in flate stream: 120, 239"
Warning: Invalid stream: "FormatError: Bad FCHECK in flate stream: 120, 239"
Warning: Invalid stream: "FormatError: Bad FCHECK in flate stream: 120, 239"
Warning: Invalid stream: "FormatError: Bad FCHECK in flate stream: 120, 239"
Warning: Invalid stream: "FormatError: Bad FCHECK in flate stream: 120, 239"
Warning: Invalid stream: "FormatError: Bad FCHECK in flate stream: 120, 239"
Warning: Invalid stream: "FormatError: Bad FCHECK in flate stream: 120, 239"

📊 PDF Stats:
   Pages          : 701
   Total chars    : 1,402
   Total words    : 2

✂️  Chunking Results:
   Chunk size     : 600 chars
   Overlap        : 100 chars
   Total chunks   : 0
   Est. API cost  : ~$0.0000 USD (text-embedding-3-small)
   Est. API time  : ~0 seconds

📝 Sample chunks:
