📄 Loading PDF with pdfjs-dist...
Warning: Cannot polyfill `DOMMatrix`, rendering may be broken: "Error: Cannot find module 'canvas'
Require stack:
- D:\SleepLab AI Assistant\backend\node_modules\pdfjs-dist\legacy\build\pdf.js
- D:\SleepLab AI Assistant\backend\scripts\indexing\dry-run-pdfjs.ts".
Warning: Cannot polyfill `Path2D`, rendering may be broken: "Error: Cannot find module 'canvas'
Require stack:
- D:\SleepLab AI Assistant\backend\node_modules\pdfjs-dist\legacy\build\pdf.js
- D:\SleepLab AI Assistant\backend\scripts\indexing\dry-run-pdfjs.ts".
Warning: Indexing all PDF objects
Warning: Invalid stream: "FormatError: Bad FCHECK in flate stream: 120, 239"

📊 PDF Stats:
   Pages: 701
Warning: Invalid stream: "FormatError: Bad FCHECK in flate stream: 120, 239"
Warning: Invalid stream: "FormatError: Bad FCHECK in flate stream: 120, 239"
Warning: Invalid stream: "FormatError: Bad FCHECK in flate stream: 120, 239"
Warning: Invalid stream: "FormatError: Bad FCHECK in flate stream: 120, 239"
Warning: Invalid stream: "FormatError: Bad FCHECK in flate stream: 120, 239"
Warning: Invalid stream: "FormatError: Bad FCHECK in flate stream: 120, 239"
Warning: Invalid stream: "FormatError: Bad FCHECK in flate stream: 120, 239"
Warning: Invalid stream: "FormatError: Bad FCHECK in flate stream: 120, 239"
Warning: Invalid stream: "FormatError: Bad FCHECK in flate stream: 120, 239"
Warning: Invalid stream: "FormatError: Bad FCHECK in flate stream: 120, 239"
Warning: Invalid stream: "FormatError: Bad FCHECK in flate stream: 120, 239"
Warning: Invalid stream: "FormatError: Bad FCHECK in flate stream: 120, 239"
Warning: Invalid stream: "FormatError: Bad FCHECK in flate stream: 120, 239"
Warning: Invalid stream: "FormatError: Bad FCHECK in flate stream: 120, 239"
Warning: Invalid stream: "FormatError: Bad FCHECK in flate stream: 120, 239"
Warning: Invalid stream: "FormatError: Bad FCHECK in flate stream: 120, 239"
Warning: Invalid stream: "FormatError: Bad FCHECK in flate stream: 120, 239"
Warning: Invalid stream: "FormatError: Bad FCHECK in flate stream: 120, 239"
Warning: Invalid stream: "FormatError: Bad FCHECK in flate stream: 120, 239"
Warning: Invalid stream: "FormatError: Bad FCHECK in flate stream: 120, 239"
Warning: Invalid stream: "FormatError: Bad FCHECK in flate stream: 120, 239"
Warning: Invalid stream: "FormatError: Bad FCHECK in flate stream: 120, 239"
Warning: Invalid stream: "FormatError: Bad FCHECK in flate stream: 120, 239"
Warning: Invalid stream: "FormatError: Bad FCHECK in flate stream: 120, 239"
Warning: Invalid stream: "FormatError: Bad FCHECK in flate stream: 120, 239"
Warning: Invalid stream: "FormatError: Bad FCHECK in flate stream: 120, 239"
Warning: Invalid stream: "FormatError: Bad FCHECK in flate stream: 120, 239"
Warning: Invalid stream: "FormatError: Bad FCHECK in flate stream: 120, 239"
Warning: Invalid stream: "FormatError: Bad FCHECK in flate stream: 120, 239"
Warning: Invalid stream: "FormatError: Bad FCHECK in flate stream: 120, 239"
Warning: Invalid stream: "FormatError: Bad FCHECK in flate stream: 120, 239"
Warning: Invalid stream: "FormatError: Bad FCHECK in flate stream: 120, 239"
Warning: Invalid stream: "FormatError: Bad FCHECK in flate stream: 120, 239"
Warning: Invalid stream: "FormatError: Bad FCHECK in flate stream: 120, 239"
Warning: Invalid stream: "FormatError: Bad FCHECK in flate stream: 120, 239"
Warning: Invalid stream: "FormatError: Bad FCHECK in flate stream: 120, 239"
Warning: Invalid stream: "FormatError: Bad FCHECK in flate stream: 120, 239"
Warning: Invalid stream: "FormatError: Bad FCHECK in flate stream: 120, 239"
Warning: Invalid stream: "FormatError: Bad FCHECK in flate stream: 120, 239"
Warning: Invalid stream: "FormatError: Bad FCHECK in flate stream: 120, 239"
Warning: Invalid stream: "FormatError: Bad FCHECK in flate stream: 120, 239"
Warning: Invalid stream: "FormatError: Bad FCHECK in flate stream: 120, 239"
Warning: Invalid stream: "FormatError: Bad FCHECK in flate stream: 120, 239"
Warning: Invalid stream: "FormatError: Bad FCHECK in flate stream: 120, 239"
Warning: Invalid stream: "FormatError: Bad FCHECK in flate stream: 120, 239"
Warning: Invalid stream: "FormatError: Bad FCHECK in flate stream: 120, 239"
Warning: Invalid stream: "FormatError: Bad FCHECK in flate stream: 120, 239"
Warning: Invalid stream: "FormatError: Bad FCHECK in flate stream: 120, 239"
Warning: Invalid stream: "FormatError: Bad FCHECK in flate stream: 120, 239"
Warning: Invalid stream: "FormatError: Bad FCHECK in flate stream: 120, 239"
   Processed 50/701 pages...Warning: Invalid stream: "FormatError: Bad FCHECK in flate stream: 120, 239"
Warning: Invalid stream: "FormatError: Bad FCHECK in flate stream: 120, 239"
Warning: Invalid stream: "FormatError: Bad FCHECK in flate stream: 120, 239"
Warning: Invalid stream: "FormatError: Bad FCHECK in flate stream: 120, 239"
Warning: Invalid stream: "FormatError: Bad FCHECK in flate stream: 120, 239"
Warning: Invalid stream: "FormatError: Bad FCHECK in flate stream: 120, 239"
Warning: Invalid stream: "FormatError: Bad FCHECK in flate stream: 120, 239"
Warning: Invalid stream: "FormatError: Bad FCHECK in flate stream: 120, 239"
Warning: Invalid stream: "FormatError: Bad FCHECK in flate stream: 120, 239"
Warning: Invalid stream: "FormatError: Bad FCHECK in flate stream: 120, 239"
Warning: Invalid stream: "FormatError: Bad FCHECK in flate stream: 120, 239"
Warning: Invalid stream: "FormatError: Bad FCHECK in flate stream: 120, 239"
Warning: Invalid stream: "FormatError: Bad FCHECK in flate stream: 120, 239"
Warning: Invalid stream: "FormatError: Bad FCHECK in flate stream: 120, 239"
Warning: Invalid stream: "FormatError: Bad FCHECK in flate stream: 120, 239"
Warning: Invalid stream: "FormatError: Bad FCHECK in flate stream: 120, 239"
Warning: Invalid stream: "FormatError: Bad FCHECK in flate stream: 120, 239"
Warning: Invalid stream: "FormatError: Bad FCHECK in flate stream: 120, 239"
Warning: Invalid stream: "FormatError: Bad FCHECK in flate stream: 120, 239"
Warning: Invalid stream: "FormatError: Bad FCHECK in flate stream: 120, 239"
Warning: Invalid stream: "FormatError: Bad FCHECK in flate stream: 120, 239"
Warning: Invalid stream: "FormatError: Bad FCHECK in flate stream: 120, 239"
Warning: Invalid stream: "FormatError: Bad FCHECK in flate stream: 120, 239"
Warning: Invalid stream: "FormatError: Bad FCHECK in flate stream: 120, 239"
Warning: Invalid stream: "FormatError: Bad FCHECK in flate stream: 120, 239"
Warning: Invalid stream: "FormatError: Bad FCHECK in flate stream: 120, 239"
Warning: Invalid stream: "FormatError: Bad FCHECK in flate stream: 120, 239"
Warning: Invalid stream: "FormatError: Bad FCHECK in flate stream: 120, 239"
Warning: Invalid stream: "FormatError: Bad FCHECK in flate stream: 120, 239"
Warning: Invalid stream: "FormatError: Bad FCHECK in flate stream: 120, 239"
Warning: Invalid stream: "FormatError: Bad FCHECK in flate stream: 120, 239"
Warning: Invalid stream: "FormatError: Bad FCHECK in flate stream: 120, 239"
Warning: Invalid stream: "FormatError: Bad FCHECK in flate stream: 120, 239"
Warning: Invalid stream: "FormatError: Bad FCHECK in flate stream: 120, 239"
Warning: Invalid stream: "FormatError: Bad FCHECK in flate stream: 120, 239"
Warning: Invalid stream: "FormatError: Bad FCHECK in flate stream: 120, 239"
Warning: Invalid stream: "FormatError: Bad FCHECK in flate stream: 120, 239"
Warning: Invalid stream: "FormatError: Bad FCHECK in flate stream: 120, 239"
Warning: Invalid stream: "FormatError: Bad FCHECK in flate stream: 120, 239"
Warning: Invalid stream: "FormatError: Bad FCHECK in flate stream: 120, 239"
Warning: Invalid stream: "FormatError: Bad FCHECK in flate stream: 120, 239"
Warning: Invalid stream: "FormatError: Bad FCHECK in flate stream: 120, 239"
Warning: Invalid stream: "FormatError: Bad FCHECK in flate stream: 120, 239"
Warning: Invalid stream: "FormatError: Bad FCHECK in flate stream: 120, 239"
Warning: Invalid stream: "FormatError: Bad FCHECK in flate stream: 120, 239"
Warning: Invalid stream: "FormatError: Bad FCHECK in flate stream: 120, 239"
Warning: Invalid stream: "FormatError: Bad FCHECK in flate stream: 120, 239"
Warning: Invalid stream: "FormatError: Bad FCHECK in flate stream: 120, 239"
Warning: Invalid stream: "FormatError: Bad FCHECK in flate stream: 120, 239"
Warning: Invalid stream: "FormatError: Bad FCHECK in flate stream: 120, 239"
   Processed 100/701 pages...Warning: Invalid stream: "FormatError: Bad FCHECK in flate stream: 120, 239"
Warning: Invalid stream: "FormatError: Bad FCHECK in flate stream: 120, 239"
Warning: Invalid stream: "FormatError: Bad FCHECK in flate stream: 120, 239"
Warning: Invalid stream: "FormatError: Bad FCHECK in flate stream: 120, 239"
Warning: Invalid stream: "FormatError: Bad FCHECK in flate stream: 120, 239"
Warning: Invalid stream: "FormatError: Bad FCHECK in flate stream: 120, 239"
Warning: Invalid stream: "FormatError: Bad FCHECK in flate stream: 120, 239"
Warning: Invalid stream: "FormatError: Bad FCHECK in flate stream: 120, 239"
Warning: Invalid stream: "FormatError: Bad FCHECK in flate stream: 120, 239"
Warning: Invalid stream: "FormatError: Bad FCHECK in flate stream: 120, 239"
Warning: Invalid stream: "FormatError: Bad FCHECK in flate stream: 120, 239"
Warning: Invalid stream: "FormatError: Bad FCHECK in flate stream: 120, 239"
Warning: Invalid stream: "FormatError: Bad FCHECK in flate stream: 120, 239"
Warning: Invalid stream: "FormatError: Bad FCHECK in flate stream: 120, 239"
Warning: Invalid stream: "FormatError: Bad FCHECK in flate stream: 120, 239"
Warning: Invalid stream: "FormatError: Bad FCHECK in flate stream: 120, 239"
Warning: Invalid stream: "FormatError: Bad FCHECK in flate stream: 120, 239"
Warning: Invalid stream: "FormatError: Bad FCHECK in flate stream: 120, 239"
Warning: Invalid stream: "FormatError: Bad FCHECK in flate stream: 120, 239"
Warning: Invalid stream: "FormatError: Bad FCHECK in flate stream: 120, 239"
Warning: Invalid stream: "FormatError: Bad FCHECK in flate stream: 120, 239"
Warning: Invalid stream: "FormatError: Bad FCHECK in flate stream: 120, 239"
Warning: Invalid stream: "FormatError: Bad FCHECK in flate stream: 120, 239"
Warning: Invalid stream: "FormatError: Bad FCHECK in flate stream: 120, 239"
Warning: Invalid stream: "FormatError: Bad FCHECK in flate stream: 120, 239"
Warning: Invalid stream: "FormatError: Bad FCHECK in flate stream: 120, 239"
Warning: Invalid stream: "FormatError: Bad FCHECK in flate stream: 120, 239"
Warning: Invalid stream: "FormatError: Bad FCHECK in flate stream: 120, 239"
Warning: Invalid stream: "FormatError: Bad FCHECK in flate stream: 120, 239"
Warning: Invalid stream: "FormatError: Bad FCHECK in flate stream: 120, 239"
Warning: Invalid stream: "FormatError: Bad FCHECK in flate stream: 120, 239"
Warning: Invalid stream: "FormatError: Bad FCHECK in flate stream: 120, 239"
Warning: Invalid stream: "FormatError: Bad FCHECK in flate stream: 120, 239"
Warning: Invalid stream: "FormatError: Bad FCHECK in flate stream: 120, 239"
Warning: Invalid stream: "FormatError: Bad FCHECK in flate stream: 120, 239"
Warning: Invalid stream: "FormatError: Bad FCHECK in flate stream: 120, 239"
Warning: Invalid stream: "FormatError: Bad FCHECK in flate stream: 120, 239"
Warning: Invalid stream: "FormatError: Bad FCHECK in flate stream: 120, 239"
Warning: Invalid stream: "FormatError: Bad FCHECK in flate stream: 120, 239"
Warning: Invalid stream: "FormatError: Bad FCHECK in flate stream: 120, 239"
Warning: Invalid stream: "FormatError: Bad FCHECK in flate stream: 120, 239"
Warning: Invalid stream: "FormatError: Bad FCHECK in flate stream: 120, 239"
Warning: Invalid stream: "FormatError: Bad FCHECK in flate stream: 120, 239"
Warning: Invalid stream: "FormatError: Bad FCHECK in flate stream: 120, 239"
Warning: Invalid stream: "FormatError: Bad FCHECK in flate stream: 120, 239"
Warning: Invalid stream: "FormatError: Bad FCHECK in flate stream: 120, 239"
Warning: Invalid stream: "FormatError: Bad FCHECK in flate stream: 120, 239"
Warning: Invalid stream: "FormatError: Bad FCHECK in flate stream: 120, 239"
Warning: Invalid stream: "FormatError: Bad FCHECK in flate stream: 120, 239"
Warning: Invalid stream: "FormatError: Bad FCHECK in flate stream: 120, 239"
   Processed 150/701 pages...Warning: Invalid stream: "FormatError: Bad FCHECK in flate stream: 120, 239"
Warning: Invalid stream: "FormatError: Bad FCHECK in flate stream: 120, 239"
Warning: Invalid stream: "FormatError: Bad FCHECK in flate stream: 120, 239"
Warning: Invalid stream: "FormatError: Bad FCHECK in flate stream: 120, 239"
Warning: Invalid stream: "FormatError: Bad FCHECK in flate stream: 120, 239"
Warning: Invalid stream: "FormatError: Bad FCHECK in flate stream: 120, 239"
Warning: Invalid stream: "FormatError: Bad FCHECK in flate stream: 120, 239"
Warning: Invalid stream: "FormatError: Bad FCHECK in flate stream: 120, 239"
Warning: Invalid stream: "FormatError: Bad FCHECK in flate stream: 120, 239"
Warning: Invalid stream: "FormatError: Bad FCHECK in flate stream: 120, 239"
Warning: Invalid stream: "FormatError: Bad FCHECK in flate stream: 120, 239"
Warning: Invalid stream: "FormatError: Bad FCHECK in flate stream: 120, 239"
Warning: Invalid stream: "FormatError: Bad FCHECK in flate stream: 120, 239"
Warning: Invalid stream: "FormatError: Bad FCHECK in flate stream: 120, 239"
Warning: Invalid stream: "FormatError: Bad FCHECK in flate stream: 120, 239"
Warning: Invalid stream: "FormatError: Bad FCHECK in flate stream: 120, 239"
Warning: Invalid stream: "FormatError: Bad FCHECK in flate stream: 120, 239"
Warning: Invalid stream: "FormatError: Bad FCHECK in flate stream: 120, 239"
Warning: Invalid stream: "FormatError: Bad FCHECK in flate stream: 120, 239"
Warning: Invalid stream: "FormatError: Bad FCHECK in flate stream: 120, 239"
Warning: Invalid stream: "FormatError: Bad FCHECK in flate stream: 120, 239"
Warning: Invalid stream: "FormatError: Bad FCHECK in flate stream: 120, 239"
Warning: Invalid stream: "FormatError: Bad FCHECK in flate stream: 120, 239"
Warning: Invalid stream: "FormatError: Bad FCHECK in flate stream: 120, 239"
Warning: Invalid stream: "FormatError: Bad FCHECK in flate stream: 120, 239"
Warning: Invalid stream: "FormatError: Bad FCHECK in flate stream: 120, 239"
Warning: Invalid stream: "FormatError: Bad FCHECK in flate stream: 120, 239"
Warning: Invalid stream: "FormatError: Bad FCHECK in flate stream: 120, 239"
Warning: Invalid stream: "FormatError: Bad FCHECK in flate stream: 120, 239"
Warning: Invalid stream: "FormatError: Bad FCHECK in flate stream: 120, 239"
Warning: Invalid stream: "FormatError: Bad FCHECK in flate stream: 120, 239"
Warning: Invalid stream: "FormatError: Bad FCHECK in flate stream: 120, 239"
Warning: getHexString - ignoring invalid character: 239
Warning: getHexString - ignoring invalid character: 191
Warning: getHexString - ignoring invalid character: 189
Warning: getHexString - ignoring invalid character: 206
Warning: getHexString - ignoring invalid character: 137
Warning: getHexString - ignoring additional invalid characters.
Warning: Invalid stream: "FormatError: Bad FCHECK in flate stream: 120, 239"
Warning: Invalid stream: "FormatError: Bad FCHECK in flate stream: 120, 239"
Warning: Invalid stream: "FormatError: Bad FCHECK in flate stream: 120, 239"
Warning: Invalid stream: "FormatError: Bad FCHECK in flate stream: 120, 239"
Warning: Invalid stream: "FormatError: Bad FCHECK in flate stream: 120, 239"
Warning: Invalid stream: "FormatError: Bad FCHECK in flate stream: 120, 239"
Warning: Invalid stream: "FormatError: Bad FCHECK in flate stream: 120, 239"
Warning: Invalid stream: "FormatError: Bad FCHECK in flate stream: 120, 239"
Warning: Invalid stream: "FormatError: Bad FCHECK in flate stream: 120, 239"
Warning: Invalid stream: "FormatError: Bad FCHECK in flate stream: 120, 239"
Warning: Invalid stream: "FormatError: Bad FCHECK in flate stream: 120, 239"
Warning: Invalid stream: "FormatError: Bad FCHECK in flate stream: 120, 239"
Warning: Invalid stream: "FormatError: Bad FCHECK in flate stream: 120, 239"
Warning: Invalid stream: "FormatError: Bad FCHECK in flate stream: 120, 239"
Warning: Invalid stream: "FormatError: Bad FCHECK in flate stream: 120, 239"
Warning: Invalid stream: "FormatError: Bad FCHECK in flate stream: 120, 239"
Warning: Invalid stream: "FormatError: Bad FCHECK in flate stream: 120, 239"
Warning: Invalid stream: "FormatError: Bad FCHECK in flate stream: 120, 239"
   Processed 200/701 pages...Warning: Invalid stream: "FormatError: Bad FCHECK in flate stream: 120, 239"
Warning: Invalid stream: "FormatError: Bad FCHECK in flate stream: 120, 239"
Warning: Invalid stream: "FormatError: Bad FCHECK in flate stream: 120, 239"
Warning: Invalid stream: "FormatError: Bad FCHECK in flate stream: 120, 239"
Warning: Invalid stream: "FormatError: Bad FCHECK in flate stream: 120, 239"
Warning: Invalid stream: "FormatError: Bad FCHECK in flate stream: 120, 239"
Warning: Invalid stream: "FormatError: Bad FCHECK in flate stream: 120, 239"
Warning: Invalid stream: "FormatError: Bad FCHECK in flate stream: 120, 239"
Warning: Invalid stream: "FormatError: Bad FCHECK in flate stream: 120, 239"
Warning: Invalid stream: "FormatError: Bad FCHECK in flate stream: 120, 239"
Warning: Invalid stream: "FormatError: Bad FCHECK in flate stream: 120, 239"
Warning: Invalid stream: "FormatError: Bad FCHECK in flate stream: 120, 239"
Warning: Invalid stream: "FormatError: Bad FCHECK in flate stream: 120, 239"
Warning: Invalid stream: "FormatError: Bad FCHECK in flate stream: 120, 239"
Warning: Invalid stream: "FormatError: Bad FCHECK in flate stream: 120, 239"
Warning: Invalid stream: "FormatError: Bad FCHECK in flate stream: 120, 239"
Warning: Invalid stream: "FormatError: Bad FCHECK in flate stream: 120, 239"
Warning: Invalid stream: "FormatError: Bad FCHECK in flate stream: 120, 239"
Warning: Invalid stream: "FormatError: Bad FCHECK in flate stream: 120, 239"
Warning: Invalid stream: "FormatError: Bad FCHECK in flate stream: 120, 239"
Warning: Invalid stream: "FormatError: Bad FCHECK in flate stream: 120, 239"
Warning: Invalid stream: "FormatError: Bad FCHECK in flate stream: 120, 239"
Warning: Invalid stream: "FormatError: Bad FCHECK in flate stream: 120, 239"
Warning: Invalid stream: "FormatError: Bad FCHECK in flate stream: 120, 239"
Warning: Invalid stream: "FormatError: Bad FCHECK in flate stream: 120, 239"
Warning: Invalid stream: "FormatError: Bad FCHECK in flate stream: 120, 239"
Warning: Invalid stream: "FormatError: Bad FCHECK in flate stream: 120, 239"
Warning: Invalid stream: "FormatError: Bad FCHECK in flate stream: 120, 239"
Warning: Invalid stream: "FormatError: Bad FCHECK in flate stream: 120, 239"
Warning: Invalid stream: "FormatError: Bad FCHECK in flate stream: 120, 239"
Warning: Invalid stream: "FormatError: Bad FCHECK in flate stream: 120, 239"
Warning: Invalid stream: "FormatError: Bad FCHECK in flate stream: 120, 239"
Warning: Invalid stream: "FormatError: Bad FCHECK in flate stream: 120, 239"
Warning: Invalid stream: "FormatError: Bad FCHECK in flate stream: 120, 239"
Warning: Invalid stream: "FormatError: Bad FCHECK in flate stream: 120, 239"
Warning: Invalid stream: "FormatError: Bad FCHECK in flate stream: 120, 239"
Warning: Invalid stream: "FormatError: Bad FCHECK in flate stream: 120, 239"
Warning: Invalid stream: "FormatError: Bad FCHECK in flate stream: 120, 239"
Warning: Invalid stream: "FormatError: Bad FCHECK in flate stream: 120, 239"
Warning: Invalid stream: "FormatError: Bad FCHECK in flate stream: 120, 239"
Warning: Invalid stream: "FormatError: Bad FCHECK in flate stream: 120, 239"
Warning: Invalid stream: "FormatError: Bad FCHECK in flate stream: 120, 239"
Warning: Invalid stream: "FormatError: Bad FCHECK in flate stream: 120, 239"
Warning: Invalid stream: "FormatError: Bad FCHECK in flate stream: 120, 239"
Warning: Invalid stream: "FormatError: Bad FCHECK in flate stream: 120, 239"
Warning: Invalid stream: "FormatError: Bad FCHECK in flate stream: 120, 239"
Warning: Invalid stream: "FormatError: Bad FCHECK in flate stream: 120, 239"
Warning: Invalid stream: "FormatError: Bad FCHECK in flate stream: 120, 239"
Warning: Invalid stream: "FormatError: Bad FCHECK in flate stream: 120, 239"
Warning: Invalid stream: "FormatError: Bad FCHECK in flate stream: 120, 239"
   Processed 250/701 pages...Warning: Invalid stream: "FormatError: Bad FCHECK in flate stream: 120, 239"
Warning: Invalid stream: "FormatError: Bad FCHECK in flate stream: 120, 239"
Warning: Invalid stream: "FormatError: Bad FCHECK in flate stream: 120, 239"
Warning: Invalid stream: "FormatError: Bad FCHECK in flate stream: 120, 239"
Warning: Invalid stream: "FormatError: Bad FCHECK in flate stream: 120, 239"
Warning: Invalid stream: "FormatError: Bad FCHECK in flate stream: 120, 239"
Warning: Invalid stream: "FormatError: Bad FCHECK in flate stream: 120, 239"
Warning: Invalid stream: "FormatError: Bad FCHECK in flate stream: 120, 239"
Warning: Invalid stream: "FormatError: Bad FCHECK in flate stream: 120, 239"
Warning: Invalid stream: "FormatError: Bad FCHECK in flate stream: 120, 239"
Warning: Invalid stream: "FormatError: Bad FCHECK in flate stream: 120, 239"
Warning: Invalid stream: "FormatError: Bad FCHECK in flate stream: 120, 239"
Warning: Invalid stream: "FormatError: Bad FCHECK in flate stream: 120, 239"
Warning: Invalid stream: "FormatError: Bad FCHECK in flate stream: 120, 239"
Warning: Invalid stream: "FormatError: Bad FCHECK in flate stream: 120, 239"
Warning: Invalid stream: "FormatError: Bad FCHECK in flate stream: 120, 239"
Warning: Invalid stream: "FormatError: Bad FCHECK in flate stream: 120, 239"
Warning: Invalid stream: "FormatError: Bad FCHECK in flate stream: 120, 239"
Warning: Invalid stream: "FormatError: Bad FCHECK in flate stream: 120, 239"
Warning: Invalid stream: "FormatError: Bad FCHECK in flate stream: 120, 239"
Warning: Invalid stream: "FormatError: Bad FCHECK in flate stream: 120, 239"
Warning: Invalid stream: "FormatError: Bad FCHECK in flate stream: 120, 239"
Warning: Invalid stream: "FormatError: Bad FCHECK in flate stream: 120, 239"
Warning: Invalid stream: "FormatError: Bad FCHECK in flate stream: 120, 239"
Warning: Invalid stream: "FormatError: Bad FCHECK in flate stream: 120, 239"
Warning: Invalid stream: "FormatError: Bad FCHECK in flate stream: 120, 239"
Warning: Invalid stream: "FormatError: Bad FCHECK in flate stream: 120, 239"
Warning: Invalid stream: "FormatError: Bad FCHECK in flate stream: 120, 239"
Warning: Invalid stream: "FormatError: Bad FCHECK in flate stream: 120, 239"
Warning: Invalid stream: "FormatError: Bad FCHECK in flate stream: 120, 239"
Warning: Invalid stream: "FormatError: Bad FCHECK in flate stream: 120, 239"
Warning: Invalid stream: "FormatError: Bad FCHECK in flate stream: 120, 239"
Warning: Invalid stream: "FormatError: Bad FCHECK in flate stream: 120, 239"
Warning: Invalid stream: "FormatError: Bad FCHECK in flate stream: 120, 239"
Warning: Invalid stream: "FormatError: Bad FCHECK in flate stream: 120, 239"
Warning: Invalid stream: "FormatError: Bad FCHECK in flate stream: 120, 239"
Warning: Invalid stream: "FormatError: Bad FCHECK in flate stream: 120, 239"
Warning: Invalid stream: "FormatError: Bad FCHECK in flate stream: 120, 239"
Warning: Invalid stream: "FormatError: Bad FCHECK in flate stream: 120, 239"
Warning: Invalid stream: "FormatError: Bad FCHECK in flate stream: 120, 239"
Warning: Invalid stream: "FormatError: Bad FCHECK in flate stream: 120, 239"
Warning: Invalid stream: "FormatError: Bad FCHECK in flate stream: 120, 239"
Warning: Invalid stream: "FormatError: Bad FCHECK in flate stream: 120, 239"
Warning: Invalid stream: "FormatError: Bad FCHECK in flate stream: 120, 239"
Warning: Invalid stream: "FormatError: Bad FCHECK in flate stream: 120, 239"
Warning: Invalid stream: "FormatError: Bad FCHECK in flate stream: 120, 239"
Warning: Invalid stream: "FormatError: Bad FCHECK in flate stream: 120, 239"
Warning: Invalid stream: "FormatError: Bad FCHECK in flate stream: 120, 239"
Warning: Invalid stream: "FormatError: Bad FCHECK in flate stream: 120, 239"
Warning: Invalid stream: "FormatError: Bad FCHECK in flate stream: 120, 239"
   Processed 300/701 pages...Warning: Invalid stream: "FormatError: Bad FCHECK in flate stream: 120, 239"
Warning: Invalid stream: "FormatError: Bad FCHECK in flate stream: 120, 239"
Warning: Invalid stream: "FormatError: Bad FCHECK in flate stream: 120, 239"
Warning: Invalid stream: "FormatError: Bad FCHECK in flate stream: 120, 239"
Warning: Invalid stream: "FormatError: Bad FCHECK in flate stream: 120, 239"
Warning: Invalid stream: "FormatError: Bad FCHECK in flate stream: 120, 239"
Warning: Invalid stream: "FormatError: Bad FCHECK in flate stream: 120, 239"
Warning: Invalid stream: "FormatError: Bad FCHECK in flate stream: 120, 239"
Warning: Invalid stream: "FormatError: Bad FCHECK in flate stream: 120, 239"
Warning: Invalid stream: "FormatError: Bad FCHECK in flate stream: 120, 239"
Warning: Invalid stream: "FormatError: Bad FCHECK in flate stream: 120, 239"
Warning: Invalid stream: "FormatError: Bad FCHECK in flate stream: 120, 239"
Warning: Invalid stream: "FormatError: Bad FCHECK in flate stream: 120, 239"
Warning: Invalid stream: "FormatError: Bad FCHECK in flate stream: 120, 239"
Warning: Invalid stream: "FormatError: Bad FCHECK in flate stream: 120, 239"
Warning: Invalid stream: "FormatError: Bad FCHECK in flate stream: 120, 239"
Warning: Invalid stream: "FormatError: Bad FCHECK in flate stream: 120, 239"
Warning: Invalid stream: "FormatError: Bad FCHECK in flate stream: 120, 239"
Warning: Invalid stream: "FormatError: Bad FCHECK in flate stream: 120, 239"
Warning: Invalid stream: "FormatError: Bad FCHECK in flate stream: 120, 239"
Warning: Invalid stream: "FormatError: Bad FCHECK in flate stream: 120, 239"
Warning: Invalid stream: "FormatError: Bad FCHECK in flate stream: 120, 239"
Warning: Invalid stream: "FormatError: Bad FCHECK in flate stream: 120, 239"
Warning: Invalid stream: "FormatError: Bad FCHECK in flate stream: 120, 239"
Warning: Invalid stream: "FormatError: Bad FCHECK in flate stream: 120, 239"
Warning: Invalid stream: "FormatError: Bad FCHECK in flate stream: 120, 239"
Warning: Invalid stream: "FormatError: Bad FCHECK in flate stream: 120, 239"
Warning: Invalid stream: "FormatError: Bad FCHECK in flate stream: 120, 239"
Warning: Invalid stream: "FormatError: Bad FCHECK in flate stream: 120, 239"
Warning: Invalid stream: "FormatError: Bad FCHECK in flate stream: 120, 239"
Warning: Invalid stream: "FormatError: Bad FCHECK in flate stream: 120, 239"
Warning: Invalid stream: "FormatError: Bad FCHECK in flate stream: 120, 239"
Warning: Invalid stream: "FormatError: Bad FCHECK in flate stream: 120, 239"
Warning: Invalid stream: "FormatError: Bad FCHECK in flate stream: 120, 239"
Warning: Invalid stream: "FormatError: Bad FCHECK in flate stream: 120, 239"
Warning: Invalid stream: "FormatError: Bad FCHECK in flate stream: 120, 239"
Warning: Invalid stream: "FormatError: Bad FCHECK in flate stream: 120, 239"
Warning: Invalid stream: "FormatError: Bad FCHECK in flate stream: 120, 239"
Warning: Invalid stream: "FormatError: Bad FCHECK in flate stream: 120, 239"
Warning: Invalid stream: "FormatError: Bad FCHECK in flate stream: 120, 239"
Warning: Invalid stream: "FormatError: Bad FCHECK in flate stream: 120, 239"
Warning: Invalid stream: "FormatError: Bad FCHECK in flate stream: 120, 239"
Warning: Invalid stream: "FormatError: Bad FCHECK in flate stream: 120, 239"
Warning: Invalid stream: "FormatError: Bad FCHECK in flate stream: 120, 239"
Warning: Invalid stream: "FormatError: Bad FCHECK in flate stream: 120, 239"
Warning: Invalid stream: "FormatError: Bad FCHECK in flate stream: 120, 239"
Warning: Invalid stream: "FormatError: Bad FCHECK in flate stream: 120, 239"
Warning: Invalid stream: "FormatError: Bad FCHECK in flate stream: 120, 239"
Warning: Invalid stream: "FormatError: Bad FCHECK in flate stream: 120, 239"
Warning: Invalid stream: "FormatError: Bad FCHECK in flate stream: 120, 239"
   Processed 350/701 pages...Warning: Invalid stream: "FormatError: Bad FCHECK in flate stream: 120, 239"
Warning: Invalid stream: "FormatError: Bad FCHECK in flate stream: 120, 239"
Warning: Invalid stream: "FormatError: Bad FCHECK in flate stream: 120, 239"
Warning: Invalid stream: "FormatError: Bad FCHECK in flate stream: 120, 239"
Warning: Invalid stream: "FormatError: Bad FCHECK in flate stream: 120, 239"
Warning: Invalid stream: "FormatError: Bad FCHECK in flate stream: 120, 239"
Warning: Invalid stream: "FormatError: Bad FCHECK in flate stream: 120, 239"
Warning: Invalid stream: "FormatError: Bad FCHECK in flate stream: 120, 239"
Warning: Invalid stream: "FormatError: Bad FCHECK in flate stream: 120, 239"
Warning: Invalid stream: "FormatError: Bad FCHECK in flate stream: 120, 239"
Warning: Invalid stream: "FormatError: Bad FCHECK in flate stream: 120, 239"
Warning: Invalid stream: "FormatError: Bad FCHECK in flate stream: 120, 239"
Warning: Invalid stream: "FormatError: Bad FCHECK in flate stream: 120, 239"
Warning: Invalid stream: "FormatError: Bad FCHECK in flate stream: 120, 239"
Warning: Invalid stream: "FormatError: Bad FCHECK in flate stream: 120, 239"
Warning: Invalid stream: "FormatError: Bad FCHECK in flate stream: 120, 239"
Warning: Invalid stream: "FormatError: Bad FCHECK in flate stream: 120, 239"
Warning: Invalid stream: "FormatError: Bad FCHECK in flate stream: 120, 239"
Warning: Invalid stream: "FormatError: Bad FCHECK in flate stream: 120, 239"
Warning: Invalid stream: "FormatError: Bad FCHECK in flate stream: 120, 239"
Warning: Invalid stream: "FormatError: Bad FCHECK in flate stream: 120, 239"
Warning: Invalid stream: "FormatError: Bad FCHECK in flate stream: 120, 239"
Warning: Invalid stream: "FormatError: Bad FCHECK in flate stream: 120, 239"
Warning: Invalid stream: "FormatError: Bad FCHECK in flate stream: 120, 239"
Warning: Invalid stream: "FormatError: Bad FCHECK in flate stream: 120, 239"
Warning: Invalid stream: "FormatError: Bad FCHECK in flate stream: 120, 239"
Warning: Invalid stream: "FormatError: Bad FCHECK in flate stream: 120, 239"
Warning: Invalid stream: "FormatError: Bad FCHECK in flate stream: 120, 239"
Warning: Invalid stream: "FormatError: Bad FCHECK in flate stream: 120, 239"
Warning: Invalid stream: "FormatError: Bad FCHECK in flate stream: 120, 239"
Warning: Invalid stream: "FormatError: Bad FCHECK in flate stream: 120, 239"
Warning: Invalid stream: "FormatError: Bad FCHECK in flate stream: 120, 239"
Warning: Invalid stream: "FormatError: Bad FCHECK in flate stream: 120, 239"
Warning: Invalid stream: "FormatError: Bad FCHECK in flate stream: 120, 239"
Warning: Invalid stream: "FormatError: Bad FCHECK in flate stream: 120, 239"
Warning: Invalid stream: "FormatError: Bad FCHECK in flate stream: 120, 239"
Warning: Invalid stream: "FormatError: Bad FCHECK in flate stream: 120, 239"
Warning: Invalid stream: "FormatError: Bad FCHECK in flate stream: 120, 239"
Warning: Invalid stream: "FormatError: Bad FCHECK in flate stream: 120, 239"
Warning: Invalid stream: "FormatError: Bad FCHECK in flate stream: 120, 239"
Warning: Invalid stream: "FormatError: Bad FCHECK in flate stream: 120, 239"
Warning: Invalid stream: "FormatError: Bad FCHECK in flate stream: 120, 239"
Warning: Invalid stream: "FormatError: Bad FCHECK in flate stream: 120, 239"
Warning: Invalid stream: "FormatError: Bad FCHECK in flate stream: 120, 239"
Warning: Invalid stream: "FormatError: Bad FCHECK in flate stream: 120, 239"
Warning: Invalid stream: "FormatError: Bad FCHECK in flate stream: 120, 239"
Warning: Invalid stream: "FormatError: Bad FCHECK in flate stream: 120, 239"
Warning: Invalid stream: "FormatError: Bad FCHECK in flate stream: 120, 239"
Warning: Invalid stream: "FormatError: Bad FCHECK in flate stream: 120, 239"
Warning: Invalid stream: "FormatError: Bad FCHECK in flate stream: 120, 239"
   Processed 400/701 pages...Warning: Invalid stream: "FormatError: Bad FCHECK in flate stream: 120, 239"
Warning: Invalid stream: "FormatError: Bad FCHECK in flate stream: 120, 239"
Warning: Invalid stream: "FormatError: Bad FCHECK in flate stream: 120, 239"
Warning: Invalid stream: "FormatError: Bad FCHECK in flate stream: 120, 239"
Warning: Invalid stream: "FormatError: Bad FCHECK in flate stream: 120, 239"
Warning: Invalid stream: "FormatError: Bad FCHECK in flate stream: 120, 239"
Warning: Invalid stream: "FormatError: Bad FCHECK in flate stream: 120, 239"
Warning: Invalid stream: "FormatError: Bad FCHECK in flate stream: 120, 239"
Warning: Invalid stream: "FormatError: Bad FCHECK in flate stream: 120, 239"
Warning: Invalid stream: "FormatError: Bad FCHECK in flate stream: 120, 239"
Warning: Invalid stream: "FormatError: Bad FCHECK in flate stream: 120, 239"
Warning: Invalid stream: "FormatError: Bad FCHECK in flate stream: 120, 239"
Warning: Invalid stream: "FormatError: Bad FCHECK in flate stream: 120, 239"
Warning: Invalid stream: "FormatError: Bad FCHECK in flate stream: 120, 239"
Warning: Invalid stream: "FormatError: Bad FCHECK in flate stream: 120, 239"
Warning: Invalid stream: "FormatError: Bad FCHECK in flate stream: 120, 239"
Warning: Invalid stream: "FormatError: Bad FCHECK in flate stream: 120, 239"
Warning: Invalid stream: "FormatError: Bad FCHECK in flate stream: 120, 239"
Warning: Invalid stream: "FormatError: Bad FCHECK in flate stream: 120, 239"
Warning: Invalid stream: "FormatError: Bad FCHECK in flate stream: 120, 239"
Warning: Invalid stream: "FormatError: Bad FCHECK in flate stream: 120, 239"
Warning: Invalid stream: "FormatError: Bad FCHECK in flate stream: 120, 239"
Warning: Invalid stream: "FormatError: Bad FCHECK in flate stream: 120, 239"
Warning: Invalid stream: "FormatError: Bad FCHECK in flate stream: 120, 239"
Warning: Invalid stream: "FormatError: Bad FCHECK in flate stream: 120, 239"
Warning: Invalid stream: "FormatError: Bad FCHECK in flate stream: 120, 239"
Warning: Invalid stream: "FormatError: Bad FCHECK in flate stream: 120, 239"
Warning: Invalid stream: "FormatError: Bad FCHECK in flate stream: 120, 239"
Warning: Invalid stream: "FormatError: Bad FCHECK in flate stream: 120, 239"
Warning: Invalid stream: "FormatError: Bad FCHECK in flate stream: 120, 239"
Warning: Invalid stream: "FormatError: Bad FCHECK in flate stream: 120, 239"
Warning: Invalid stream: "FormatError: Bad FCHECK in flate stream: 120, 239"
Warning: Invalid stream: "FormatError: Bad FCHECK in flate stream: 120, 239"
Warning: Invalid stream: "FormatError: Bad FCHECK in flate stream: 120, 239"
Warning: Invalid stream: "FormatError: Bad FCHECK in flate stream: 120, 239"
Warning: Invalid stream: "FormatError: Bad FCHECK in flate stream: 120, 239"
Warning: Invalid stream: "FormatError: Bad FCHECK in flate stream: 120, 239"
Warning: Invalid stream: "FormatError: Bad FCHECK in flate stream: 120, 239"
Warning: Invalid stream: "FormatError: Bad FCHECK in flate stream: 120, 239"
Warning: Invalid stream: "FormatError: Bad FCHECK in flate stream: 120, 239"
Warning: Invalid stream: "FormatError: Bad FCHECK in flate stream: 120, 239"
Warning: Invalid stream: "FormatError: Bad FCHECK in flate stream: 120, 239"
Warning: Invalid stream: "FormatError: Bad FCHECK in flate stream: 120, 239"
Warning: Invalid stream: "FormatError: Bad FCHECK in flate stream: 120, 239"
Warning: Invalid stream: "FormatError: Bad FCHECK in flate stream: 120, 239"
Warning: Invalid stream: "FormatError: Bad FCHECK in flate stream: 120, 239"
Warning: Invalid stream: "FormatError: Bad FCHECK in flate stream: 120, 239"
Warning: Invalid stream: "FormatError: Bad FCHECK in flate stream: 120, 239"
Warning: Invalid stream: "FormatError: Bad FCHECK in flate stream: 120, 239"
Warning: Invalid stream: "FormatError: Bad FCHECK in flate stream: 120, 239"
   Processed 450/701 pages...Warning: Invalid stream: "FormatError: Bad FCHECK in flate stream: 120, 239"
Warning: Invalid stream: "FormatError: Bad FCHECK in flate stream: 120, 239"
Warning: Invalid stream: "FormatError: Bad FCHECK in flate stream: 120, 239"
Warning: Invalid stream: "FormatError: Bad FCHECK in flate stream: 120, 239"
Warning: Invalid stream: "FormatError: Bad FCHECK in flate stream: 120, 239"
Warning: Invalid stream: "FormatError: Bad FCHECK in flate stream: 120, 239"
Warning: Invalid stream: "FormatError: Bad FCHECK in flate stream: 120, 239"
Warning: Invalid stream: "FormatError: Bad FCHECK in flate stream: 120, 239"
Warning: Invalid stream: "FormatError: Bad FCHECK in flate stream: 120, 239"
Warning: Invalid stream: "FormatError: Bad FCHECK in flate stream: 120, 239"
Warning: Invalid stream: "FormatError: Bad FCHECK in flate stream: 120, 239"
Warning: Invalid stream: "FormatError: Bad FCHECK in flate stream: 120, 239"
Warning: Invalid stream: "FormatError: Bad FCHECK in flate stream: 120, 239"
Warning: Invalid stream: "FormatError: Bad FCHECK in flate stream: 120, 239"
Warning: Invalid stream: "FormatError: Bad FCHECK in flate stream: 120, 239"
Warning: Invalid stream: "FormatError: Bad FCHECK in flate stream: 120, 239"
Warning: Invalid stream: "FormatError: Bad FCHECK in flate stream: 120, 239"
Warning: Invalid stream: "FormatError: Bad FCHECK in flate stream: 120, 239"
Warning: Invalid stream: "FormatError: Bad FCHECK in flate stream: 120, 239"
Warning: Invalid stream: "FormatError: Bad FCHECK in flate stream: 120, 239"
Warning: Invalid stream: "FormatError: Bad FCHECK in flate stream: 120, 239"
Warning: Invalid stream: "FormatError: Bad FCHECK in flate stream: 120, 239"
Warning: Invalid stream: "FormatError: Bad FCHECK in flate stream: 120, 239"
Warning: Invalid stream: "FormatError: Bad FCHECK in flate stream: 120, 239"
Warning: Invalid stream: "FormatError: Bad FCHECK in flate stream: 120, 239"
Warning: Invalid stream: "FormatError: Bad FCHECK in flate stream: 120, 239"
Warning: Invalid stream: "FormatError: Bad FCHECK in flate stream: 120, 239"
Warning: Invalid stream: "FormatError: Bad FCHECK in flate stream: 120, 239"
Warning: Invalid stream: "FormatError: Bad FCHECK in flate stream: 120, 239"
Warning: Invalid stream: "FormatError: Bad FCHECK in flate stream: 120, 239"
Warning: Invalid stream: "FormatError: Bad FCHECK in flate stream: 120, 239"
Warning: Invalid stream: "FormatError: Bad FCHECK in flate stream: 120, 239"
Warning: Invalid stream: "FormatError: Bad FCHECK in flate stream: 120, 239"
Warning: Invalid stream: "FormatError: Bad FCHECK in flate stream: 120, 239"
Warning: Invalid stream: "FormatError: Bad FCHECK in flate stream: 120, 239"
Warning: Invalid stream: "FormatError: Bad FCHECK in flate stream: 120, 239"
Warning: Invalid stream: "FormatError: Bad FCHECK in flate stream: 120, 239"
Warning: Invalid stream: "FormatError: Bad FCHECK in flate stream: 120, 239"
Warning: Invalid stream: "FormatError: Bad FCHECK in flate stream: 120, 239"
Warning: Invalid stream: "FormatError: Bad FCHECK in flate stream: 120, 239"
Warning: Invalid stream: "FormatError: Bad FCHECK in flate stream: 120, 239"
Warning: Invalid stream: "FormatError: Bad FCHECK in flate stream: 120, 239"
Warning: Invalid stream: "FormatError: Bad FCHECK in flate stream: 120, 239"
Warning: Invalid stream: "FormatError: Bad FCHECK in flate stream: 120, 239"
Warning: Invalid stream: "FormatError: Bad FCHECK in flate stream: 120, 239"
Warning: Invalid stream: "FormatError: Bad FCHECK in flate stream: 120, 239"
Warning: Invalid stream: "FormatError: Bad FCHECK in flate stream: 120, 239"
Warning: Invalid stream: "FormatError: Bad FCHECK in flate stream: 120, 239"
Warning: Invalid stream: "FormatError: Bad FCHECK in flate stream: 120, 239"
Warning: Invalid stream: "FormatError: Bad FCHECK in flate stream: 120, 239"
   Processed 500/701 pages...Warning: Invalid stream: "FormatError: Bad FCHECK in flate stream: 120, 239"
Warning: Invalid stream: "FormatError: Bad FCHECK in flate stream: 120, 239"
Warning: Invalid stream: "FormatError: Bad FCHECK in flate stream: 120, 239"
Warning: Invalid stream: "FormatError: Bad FCHECK in flate stream: 120, 239"
Warning: Invalid stream: "FormatError: Bad FCHECK in flate stream: 120, 239"
Warning: Invalid stream: "FormatError: Bad FCHECK in flate stream: 120, 239"
Warning: Invalid stream: "FormatError: Bad FCHECK in flate stream: 120, 239"
Warning: Invalid stream: "FormatError: Bad FCHECK in flate stream: 120, 239"
Warning: Invalid stream: "FormatError: Bad FCHECK in flate stream: 120, 239"
Warning: Invalid stream: "FormatError: Bad FCHECK in flate stream: 120, 239"
Warning: Invalid stream: "FormatError: Bad FCHECK in flate stream: 120, 239"
Warning: Invalid stream: "FormatError: Bad FCHECK in flate stream: 120, 239"
Warning: Invalid stream: "FormatError: Bad FCHECK in flate stream: 120, 239"
Warning: Invalid stream: "FormatError: Bad FCHECK in flate stream: 120, 239"
Warning: Invalid stream: "FormatError: Bad FCHECK in flate stream: 120, 239"
Warning: Invalid stream: "FormatError: Bad FCHECK in flate stream: 120, 239"
Warning: Invalid stream: "FormatError: Bad FCHECK in flate stream: 120, 239"
Warning: Invalid stream: "FormatError: Bad FCHECK in flate stream: 120, 239"
Warning: Invalid stream: "FormatError: Bad FCHECK in flate stream: 120, 239"
Warning: Invalid stream: "FormatError: Bad FCHECK in flate stream: 120, 239"
Warning: Invalid stream: "FormatError: Bad FCHECK in flate stream: 120, 239"
Warning: Invalid stream: "FormatError: Bad FCHECK in flate stream: 120, 239"
Warning: Invalid stream: "FormatError: Bad FCHECK in flate stream: 120, 239"
Warning: Invalid stream: "FormatError: Bad FCHECK in flate stream: 120, 239"
Warning: Invalid stream: "FormatError: Bad FCHECK in flate stream: 120, 239"
Warning: Invalid stream: "FormatError: Bad FCHECK in flate stream: 120, 239"
Warning: Invalid stream: "FormatError: Bad FCHECK in flate stream: 120, 239"
Warning: Invalid stream: "FormatError: Bad FCHECK in flate stream: 120, 239"
Warning: Invalid stream: "FormatError: Bad FCHECK in flate stream: 120, 239"
Warning: Invalid stream: "FormatError: Bad FCHECK in flate stream: 120, 239"
Warning: Invalid stream: "FormatError: Bad FCHECK in flate stream: 120, 239"
Warning: Invalid stream: "FormatError: Bad FCHECK in flate stream: 120, 239"
Warning: Invalid stream: "FormatError: Bad FCHECK in flate stream: 120, 239"
Warning: Invalid stream: "FormatError: Bad FCHECK in flate stream: 120, 239"
Warning: Invalid stream: "FormatError: Bad FCHECK in flate stream: 120, 239"
Warning: Invalid stream: "FormatError: Bad FCHECK in flate stream: 120, 239"
Warning: Invalid stream: "FormatError: Bad FCHECK in flate stream: 120, 239"
Warning: Invalid stream: "FormatError: Bad FCHECK in flate stream: 120, 239"
Warning: Invalid stream: "FormatError: Bad FCHECK in flate stream: 120, 239"
Warning: Invalid stream: "FormatError: Bad FCHECK in flate stream: 120, 239"
Warning: Invalid stream: "FormatError: Bad FCHECK in flate stream: 120, 239"
Warning: Invalid stream: "FormatError: Bad FCHECK in flate stream: 120, 239"
Warning: Invalid stream: "FormatError: Bad FCHECK in flate stream: 120, 239"
Warning: Invalid stream: "FormatError: Bad FCHECK in flate stream: 120, 239"
Warning: Invalid stream: "FormatError: Bad FCHECK in flate stream: 120, 239"
Warning: Invalid stream: "FormatError: Bad FCHECK in flate stream: 120, 239"
Warning: Invalid stream: "FormatError: Bad FCHECK in flate stream: 120, 239"
Warning: Invalid stream: "FormatError: Bad FCHECK in flate stream: 120, 239"
Warning: Invalid stream: "FormatError: Bad FCHECK in flate stream: 120, 239"
Warning: Invalid stream: "FormatError: Bad FCHECK in flate stream: 120, 239"
   Processed 550/701 pages...Warning: Invalid stream: "FormatError: Bad FCHECK in flate stream: 120, 239"
Warning: Invalid stream: "FormatError: Bad FCHECK in flate stream: 120, 239"
Warning: Invalid stream: "FormatError: Bad FCHECK in flate stream: 120, 239"
Warning: Invalid stream: "FormatError: Bad FCHECK in flate stream: 120, 239"
Warning: Invalid stream: "FormatError: Bad FCHECK in flate stream: 120, 239"
Warning: Invalid stream: "FormatError: Bad FCHECK in flate stream: 120, 239"
Warning: Invalid stream: "FormatError: Bad FCHECK in flate stream: 120, 239"
Warning: Invalid stream: "FormatError: Bad FCHECK in flate stream: 120, 239"
Warning: Invalid stream: "FormatError: Bad FCHECK in flate stream: 120, 239"
Warning: Invalid stream: "FormatError: Bad FCHECK in flate stream: 120, 239"
Warning: Invalid stream: "FormatError: Bad FCHECK in flate stream: 120, 239"
Warning: Invalid stream: "FormatError: Bad FCHECK in flate stream: 120, 239"
Warning: Invalid stream: "FormatError: Bad FCHECK in flate stream: 120, 239"
Warning: Invalid stream: "FormatError: Bad FCHECK in flate stream: 120, 239"
Warning: Invalid stream: "FormatError: Bad FCHECK in flate stream: 120, 239"
Warning: Invalid stream: "FormatError: Bad FCHECK in flate stream: 120, 239"
Warning: Invalid stream: "FormatError: Bad FCHECK in flate stream: 120, 239"
Warning: Invalid stream: "FormatError: Bad FCHECK in flate stream: 120, 239"
Warning: Invalid stream: "FormatError: Bad FCHECK in flate stream: 120, 239"
Warning: Invalid stream: "FormatError: Bad FCHECK in flate stream: 120, 239"
Warning: Invalid stream: "FormatError: Bad FCHECK in flate stream: 120, 239"
Warning: Invalid stream: "FormatError: Bad FCHECK in flate stream: 120, 239"
Warning: Invalid stream: "FormatError: Bad FCHECK in flate stream: 120, 239"
Warning: Invalid stream: "FormatError: Bad FCHECK in flate stream: 120, 239"
Warning: Invalid stream: "FormatError: Bad FCHECK in flate stream: 120, 239"
Warning: Invalid stream: "FormatError: Bad FCHECK in flate stream: 120, 239"
Warning: Invalid stream: "FormatError: Bad FCHECK in flate stream: 120, 239"
Warning: Invalid stream: "FormatError: Bad FCHECK in flate stream: 120, 239"
Warning: Invalid stream: "FormatError: Bad FCHECK in flate stream: 120, 239"
Warning: Invalid stream: "FormatError: Bad FCHECK in flate stream: 120, 239"
Warning: Invalid stream: "FormatError: Bad FCHECK in flate stream: 120, 239"
Warning: Invalid stream: "FormatError: Bad FCHECK in flate stream: 120, 239"
Warning: Invalid stream: "FormatError: Bad FCHECK in flate stream: 120, 239"
Warning: Invalid stream: "FormatError: Bad FCHECK in flate stream: 120, 239"
Warning: Invalid stream: "FormatError: Bad FCHECK in flate stream: 120, 239"
Warning: Invalid stream: "FormatError: Bad FCHECK in flate stream: 120, 239"
Warning: Invalid stream: "FormatError: Bad FCHECK in flate stream: 120, 239"
Warning: Invalid stream: "FormatError: Bad FCHECK in flate stream: 120, 239"
Warning: Invalid stream: "FormatError: Bad FCHECK in flate stream: 120, 239"
Warning: Invalid stream: "FormatError: Bad FCHECK in flate stream: 120, 239"
Warning: Invalid stream: "FormatError: Bad FCHECK in flate stream: 120, 239"
Warning: Invalid stream: "FormatError: Bad FCHECK in flate stream: 120, 239"
Warning: Invalid stream: "FormatError: Bad FCHECK in flate stream: 120, 239"
Warning: Invalid stream: "FormatError: Bad FCHECK in flate stream: 120, 239"
Warning: Invalid stream: "FormatError: Bad FCHECK in flate stream: 120, 239"
Warning: Invalid stream: "FormatError: Bad FCHECK in flate stream: 120, 239"
Warning: Invalid stream: "FormatError: Bad FCHECK in flate stream: 120, 239"
Warning: Invalid stream: "FormatError: Bad FCHECK in flate stream: 120, 239"
Warning: Invalid stream: "FormatError: Bad FCHECK in flate stream: 120, 239"
Warning: Invalid stream: "FormatError: Bad FCHECK in flate stream: 120, 239"
   Processed 600/701 pages...Warning: Invalid stream: "FormatError: Bad FCHECK in flate stream: 120, 239"
Warning: Invalid stream: "FormatError: Bad FCHECK in flate stream: 120, 239"
Warning: Invalid stream: "FormatError: Bad FCHECK in flate stream: 120, 239"
Warning: Invalid stream: "FormatError: Bad FCHECK in flate stream: 120, 239"
Warning: Invalid stream: "FormatError: Bad FCHECK in flate stream: 120, 239"
Warning: Invalid stream: "FormatError: Bad FCHECK in flate stream: 120, 239"
Warning: Invalid stream: "FormatError: Bad FCHECK in flate stream: 120, 239"
Warning: Invalid stream: "FormatError: Bad FCHECK in flate stream: 120, 239"
Warning: Invalid stream: "FormatError: Bad FCHECK in flate stream: 120, 239"
Warning: Invalid stream: "FormatError: Bad FCHECK in flate stream: 120, 239"
Warning: Invalid stream: "FormatError: Bad FCHECK in flate stream: 120, 239"
Warning: Invalid stream: "FormatError: Bad FCHECK in flate stream: 120, 239"
Warning: Invalid stream: "FormatError: Bad FCHECK in flate stream: 120, 239"
Warning: Invalid stream: "FormatError: Bad FCHECK in flate stream: 120, 239"
Warning: Invalid stream: "FormatError: Bad FCHECK in flate stream: 120, 239"
Warning: Invalid stream: "FormatError: Bad FCHECK in flate stream: 120, 239"
Warning: Invalid stream: "FormatError: Bad FCHECK in flate stream: 120, 239"
Warning: Invalid stream: "FormatError: Bad FCHECK in flate stream: 120, 239"
Warning: Invalid stream: "FormatError: Bad FCHECK in flate stream: 120, 239"
Warning: Invalid stream: "FormatError: Bad FCHECK in flate stream: 120, 239"
Warning: Invalid stream: "FormatError: Bad FCHECK in flate stream: 120, 239"
Warning: Invalid stream: "FormatError: Bad FCHECK in flate stream: 120, 239"
Warning: Invalid stream: "FormatError: Bad FCHECK in flate stream: 120, 239"
Warning: Invalid stream: "FormatError: Bad FCHECK in flate stream: 120, 239"
Warning: Invalid stream: "FormatError: Bad FCHECK in flate stream: 120, 239"
Warning: Invalid stream: "FormatError: Bad FCHECK in flate stream: 120, 239"
Warning: Invalid stream: "FormatError: Bad FCHECK in flate stream: 120, 239"
Warning: Invalid stream: "FormatError: Bad FCHECK in flate stream: 120, 239"
Warning: Invalid stream: "FormatError: Bad FCHECK in flate stream: 120, 239"
Warning: Invalid stream: "FormatError: Bad FCHECK in flate stream: 120, 239"
Warning: Invalid stream: "FormatError: Bad FCHECK in flate stream: 120, 239"
Warning: Invalid stream: "FormatError: Bad FCHECK in flate stream: 120, 239"
Warning: Invalid stream: "FormatError: Bad FCHECK in flate stream: 120, 239"
Warning: Invalid stream: "FormatError: Bad FCHECK in flate stream: 120, 239"
Warning: Invalid stream: "FormatError: Bad FCHECK in flate stream: 120, 239"
Warning: Invalid stream: "FormatError: Bad FCHECK in flate stream: 120, 239"
Warning: Invalid stream: "FormatError: Bad FCHECK in flate stream: 120, 239"
Warning: Invalid stream: "FormatError: Bad FCHECK in flate stream: 120, 239"
Warning: Invalid stream: "FormatError: Bad FCHECK in flate stream: 120, 239"
Warning: Invalid stream: "FormatError: Bad FCHECK in flate stream: 120, 239"
Warning: Invalid stream: "FormatError: Bad FCHECK in flate stream: 120, 239"
Warning: Invalid stream: "FormatError: Bad FCHECK in flate stream: 120, 239"
Warning: Invalid stream: "FormatError: Bad FCHECK in flate stream: 120, 239"
Warning: Invalid stream: "FormatError: Bad FCHECK in flate stream: 120, 239"
Warning: Invalid stream: "FormatError: Bad FCHECK in flate stream: 120, 239"
Warning: Invalid stream: "FormatError: Bad FCHECK in flate stream: 120, 239"
Warning: Invalid stream: "FormatError: Bad FCHECK in flate stream: 120, 239"
Warning: Invalid stream: "FormatError: Bad FCHECK in flate stream: 120, 239"
Warning: Invalid stream: "FormatError: Bad FCHECK in flate stream: 120, 239"
Warning: Invalid stream: "FormatError: Bad FCHECK in flate stream: 120, 239"
   Processed 650/701 pages...Warning: Invalid stream: "FormatError: Bad FCHECK in flate stream: 120, 239"
Warning: Invalid stream: "FormatError: Bad FCHECK in flate stream: 120, 239"
Warning: Invalid stream: "FormatError: Bad FCHECK in flate stream: 120, 239"
Warning: Invalid stream: "FormatError: Bad FCHECK in flate stream: 120, 239"
Warning: Invalid stream: "FormatError: Bad FCHECK in flate stream: 120, 239"
Warning: Invalid stream: "FormatError: Bad FCHECK in flate stream: 120, 239"
Warning: Invalid stream: "FormatError: Bad FCHECK in flate stream: 120, 239"
Warning: Invalid stream: "FormatError: Bad FCHECK in flate stream: 120, 239"
Warning: Invalid stream: "FormatError: Bad FCHECK in flate stream: 120, 239"
Warning: Invalid stream: "FormatError: Bad FCHECK in flate stream: 120, 239"
Warning: Invalid stream: "FormatError: Bad FCHECK in flate stream: 120, 239"
Warning: Invalid stream: "FormatError: Bad FCHECK in flate stream: 120, 239"
Warning: Invalid stream: "FormatError: Bad FCHECK in flate stream: 120, 239"
Warning: Invalid stream: "FormatError: Bad FCHECK in flate stream: 120, 239"
Warning: Invalid stream: "FormatError: Bad FCHECK in flate stream: 120, 239"
Warning: Invalid stream: "FormatError: Bad FCHECK in flate stream: 120, 239"
Warning: Invalid stream: "FormatError: Bad FCHECK in flate stream: 120, 239"
Warning: Invalid stream: "FormatError: Bad FCHECK in flate stream: 120, 239"
Warning: Invalid stream: "FormatError: Bad FCHECK in flate stream: 120, 239"
Warning: Invalid stream: "FormatError: Bad FCHECK in flate stream: 120, 239"
Warning: Invalid stream: "FormatError: Bad FCHECK in flate stream: 120, 239"
Warning: Invalid stream: "FormatError: Bad FCHECK in flate stream: 120, 239"
Warning: Invalid stream: "FormatError: Bad FCHECK in flate stream: 120, 239"
Warning: Invalid stream: "FormatError: Bad FCHECK in flate stream: 120, 239"
Warning: Invalid stream: "FormatError: Bad FCHECK in flate stream: 120, 239"
Warning: Invalid stream: "FormatError: Bad FCHECK in flate stream: 120, 239"
Warning: Invalid stream: "FormatError: Bad FCHECK in flate stream: 120, 239"
Warning: Invalid stream: "FormatError: Bad FCHECK in flate stream: 120, 239"
Warning: Invalid stream: "FormatError: Bad FCHECK in flate stream: 120, 239"
Warning: Invalid stream: "FormatError: Bad FCHECK in flate stream: 120, 239"
Warning: Invalid stream: "FormatError: Bad FCHECK in flate stream: 120, 239"
Warning: Invalid stream: "FormatError: Bad FCHECK in flate stream: 120, 239"
Warning: Invalid stream: "FormatError: Bad FCHECK in flate stream: 120, 239"
Warning: Invalid stream: "FormatError: Bad FCHECK in flate stream: 120, 239"
Warning: getHexString - ignoring invalid character: 39
Warning: getHexString - ignoring invalid character: 8
Warning: getHexString - ignoring invalid character: 239
Warning: getHexString - ignoring invalid character: 191
Warning: getHexString - ignoring invalid character: 189
Warning: getHexString - ignoring additional invalid characters.
Warning: Invalid stream: "FormatError: Bad FCHECK in flate stream: 120, 239"
Warning: Invalid stream: "FormatError: Bad FCHECK in flate stream: 120, 239"
Warning: Invalid stream: "FormatError: Bad FCHECK in flate stream: 120, 239"
Warning: Invalid stream: "FormatError: Bad FCHECK in flate stream: 120, 239"
Warning: Invalid stream: "FormatError: Bad FCHECK in flate stream: 120, 239"
Warning: Invalid stream: "FormatError: Bad FCHECK in flate stream: 120, 239"
Warning: Invalid stream: "FormatError: Bad FCHECK in flate stream: 120, 239"
Warning: Invalid stream: "FormatError: Bad FCHECK in flate stream: 120, 239"
Warning: Invalid stream: "FormatError: Bad FCHECK in flate stream: 120, 239"
Warning: Invalid stream: "FormatError: Bad FCHECK in flate stream: 120, 239"
Warning: Invalid stream: "FormatError: Bad FCHECK in flate stream: 120, 239"
Warning: Invalid stream: "FormatError: Bad FCHECK in flate stream: 120, 239"
Warning: Invalid stream: "FormatError: Bad FCHECK in flate stream: 120, 239"
Warning: Invalid stream: "FormatError: Bad FCHECK in flate stream: 120, 239"
Warning: Invalid stream: "FormatError: Bad FCHECK in flate stream: 120, 239"
Warning: Invalid stream: "FormatError: Bad FCHECK in flate stream: 120, 239"
   Processed 700/701 pages...Warning: Invalid stream: "FormatError: Bad FCHECK in flate stream: 120, 239"

   Total chars extracted: 0
   Total words estimate: 1
   Page errors: 0

⚠️  Very little text extracted — PDF may use custom encoding
   Consider "Save As" the PDF in Acrobat or Chrome to re-encode it
